#
# There is insufficient memory for the Java Runtime Environment to continue.
# Native memory allocation (mmap) failed to map 177733632 bytes for committing reserved memory.
# Possible reasons:
#   The system is out of physical RAM or swap space
#   In 32 bit mode, the process size limit was hit
# Possible solutions:
#   Reduce memory load on the system
#   Increase physical memory or swap space
#   Check if swap backing store is full
#   Use 64 bit Java on a 64 bit OS
#   Decrease Java heap size (-Xmx/-Xms)
#   Decrease number of Java threads
#   Decrease Java thread stack sizes (-Xss)
#   Set larger code cache with -XX:ReservedCodeCacheSize=
# This output file may be truncated or incomplete.
#
#  Out of Memory Error (os_linux.cpp:2627), pid=27054, tid=0x00007f4445dfd700
#
# JRE version: Java(TM) SE Runtime Environment (8.0_111-b14) (build 1.8.0_111-b14)
# Java VM: Java HotSpot(TM) 64-Bit Server VM (25.111-b14 mixed mode linux-amd64 compressed oops)
# Failed to write core dump. Core dumps have been disabled. To enable core dumping, try "ulimit -c unlimited" before starting Java again
#

---------------  T H R E A D  ---------------

Current thread (0x00007f445c077800):  VMThread [stack: 0x00007f4445cfd000,0x00007f4445dfe000] [id=27065]

Stack: [0x00007f4445cfd000,0x00007f4445dfe000],  sp=0x00007f4445dfc220,  free space=1020k
Native frames: (J=compiled Java code, j=interpreted, Vv=VM code, C=native code)
V  [libjvm.so+0xac5c2a]  VMError::report_and_die()+0x2ba
V  [libjvm.so+0x4fc50b]  report_vm_out_of_memory(char const*, int, unsigned long, VMErrorType, char const*)+0x8b
V  [libjvm.so+0x922ae3]  os::Linux::commit_memory_impl(char*, unsigned long, bool)+0x103
V  [libjvm.so+0x923039]  os::pd_commit_memory(char*, unsigned long, unsigned long, bool)+0x29
V  [libjvm.so+0x91d33a]  os::commit_memory(char*, unsigned long, unsigned long, bool)+0x2a
V  [libjvm.so+0x991ac3]  PSVirtualSpace::expand_by(unsigned long)+0x53
V  [libjvm.so+0x992ec8]  PSYoungGen::resize_generation(unsigned long, unsigned long)+0xf8
V  [libjvm.so+0x992022]  PSYoungGen::resize(unsigned long, unsigned long)+0x22
V  [libjvm.so+0x98f2fb]  PSScavenge::invoke_no_policy()+0xf3b
V  [libjvm.so+0x98fa81]  PSScavenge::invoke()+0x41
V  [libjvm.so+0x9467d0]  ParallelScavengeHeap::failed_mem_allocate(unsigned long)+0x70
V  [libjvm.so+0xac7647]  VM_ParallelGCFailedAllocation::doit()+0x97
V  [libjvm.so+0xacf125]  VM_Operation::evaluate()+0x55
V  [libjvm.so+0xacd4fa]  VMThread::evaluate_operation(VM_Operation*)+0xba
V  [libjvm.so+0xacd87e]  VMThread::loop()+0x1ce
V  [libjvm.so+0xacdcf0]  VMThread::run()+0x70
V  [libjvm.so+0x924ea8]  java_start(Thread*)+0x108

VM_Operation (0x00007f446451d090): ParallelGCFailedAllocation, mode: safepoint, requested by thread 0x00007f445c00a000


---------------  P R O C E S S  ---------------

Java Threads: ( => current thread )
  0x00007f445c17f000 JavaThread "pool-2-thread-4" [_thread_blocked, id=27078, stack(0x00007f4444d17000,0x00007f4444e18000)]
  0x00007f445c17d000 JavaThread "pool-2-thread-3" [_thread_blocked, id=27077, stack(0x00007f4444e18000,0x00007f4444f19000)]
  0x00007f445c17b800 JavaThread "pool-2-thread-2" [_thread_blocked, id=27076, stack(0x00007f4444f19000,0x00007f444501a000)]
  0x00007f445c177800 JavaThread "pool-3-thread-1" [_thread_blocked, id=27075, stack(0x00007f444501a000,0x00007f444511b000)]
  0x00007f445c176000 JavaThread "pool-2-thread-1" [_thread_blocked, id=27074, stack(0x00007f444511b000,0x00007f444521c000)]
  0x00007f445c0c9000 JavaThread "Service Thread" daemon [_thread_blocked, id=27072, stack(0x00007f444531d000,0x00007f444541e000)]
  0x00007f445c0be000 JavaThread "C1 CompilerThread2" daemon [_thread_blocked, id=27071, stack(0x00007f444541e000,0x00007f444551f000)]
  0x00007f445c0bc800 JavaThread "C2 CompilerThread1" daemon [_thread_blocked, id=27070, stack(0x00007f444551f000,0x00007f4445620000)]
  0x00007f445c0b9800 JavaThread "C2 CompilerThread0" daemon [_thread_in_native, id=27069, stack(0x00007f4445620000,0x00007f4445721000)]
  0x00007f445c0b8000 JavaThread "Signal Dispatcher" daemon [_thread_blocked, id=27068, stack(0x00007f4445721000,0x00007f4445822000)]
  0x00007f445c084000 JavaThread "Finalizer" daemon [_thread_blocked, id=27067, stack(0x00007f4445afb000,0x00007f4445bfc000)]
  0x00007f445c07f800 JavaThread "Reference Handler" daemon [_thread_blocked, id=27066, stack(0x00007f4445bfc000,0x00007f4445cfd000)]
  0x00007f445c00a000 JavaThread "main" [_thread_blocked, id=27060, stack(0x00007f446441f000,0x00007f4464520000)]

Other Threads:
=>0x00007f445c077800 VMThread [stack: 0x00007f4445cfd000,0x00007f4445dfe000] [id=27065]
  0x00007f445c0cc000 WatcherThread [stack: 0x00007f444521c000,0x00007f444531d000] [id=27073]

VM state:at safepoint (normal execution)

VM Mutex/Monitor currently owned by a thread:  ([mutex/lock_event])
[0x00007f445c006450] Threads_lock - owner thread: 0x00007f445c077800
[0x00007f445c006950] Heap_lock - owner thread: 0x00007f445c00a000

Heap:
 PSYoungGen      total 127488K, used 4578K [0x00000000eab00000, 0x00000000f2c00000, 0x0000000100000000)
  eden space 122880K, 0% used [0x00000000eab00000,0x00000000eab00000,0x00000000f2300000)
  from space 4608K, 99% used [0x00000000f2300000,0x00000000f2778808,0x00000000f2780000)
  to   space 4608K, 0% used [0x00000000f2780000,0x00000000f2780000,0x00000000f2c00000)
 ParOldGen       total 92672K, used 59048K [0x00000000c0000000, 0x00000000c5a80000, 0x00000000eab00000)
  object space 92672K, 63% used [0x00000000c0000000,0x00000000c39aa0e8,0x00000000c5a80000)
 Metaspace       used 5888K, capacity 6960K, committed 7040K, reserved 1056768K
  class space    used 586K, capacity 616K, committed 640K, reserved 1048576K

Card table byte_map: [0x00007f4460fcd000,0x00007f44611ce000] byte_map_base: 0x00007f44609cd000

Marking Bits: (ParMarkBitMap*) 0x00007f44638f7220
 Begin Bits: [0x00007f4446000000, 0x00007f4447000000)
 End Bits:   [0x00007f4447000000, 0x00007f4448000000)

Polling page: 0x00007f4464546000

CodeCache: size=245760Kb used=6141Kb max_used=6141Kb free=239618Kb
 bounds [0x00007f444d000000, 0x00007f444d610000, 0x00007f445c000000]
 total_blobs=1696 nmethods=1436 adapters=175
 compilation: enabled

Compilation events (10 events):
Event: 4,286 Thread 0x00007f445c0be000 1578 %     3       com.android.dx.ssa.back.LivenessAnalyzer::coInterferePhis @ 8 (128 bytes)
Event: 4,288 Thread 0x00007f445c0be000 nmethod 1578% 0x00007f444d5f2690 code [0x00007f444d5f2940, 0x00007f444d5f3ce8]
Event: 4,288 Thread 0x00007f445c0be000 1579       3       com.android.dx.ssa.back.LivenessAnalyzer::coInterferePhis (128 bytes)
Event: 4,290 Thread 0x00007f445c0be000 nmethod 1579 0x00007f444d5f46d0 code [0x00007f444d5f4980, 0x00007f444d5f5c78]
Event: 4,297 Thread 0x00007f445c0be000 1581 %     3       com.android.dx.ssa.DomFront::buildDomTree @ 10 (72 bytes)
Event: 4,300 Thread 0x00007f445c0be000 nmethod 1581% 0x00007f444d5f6690 code [0x00007f444d5f6900, 0x00007f444d5f77c8]
Event: 4,318 Thread 0x00007f445c0be000 1583 %     3       com.android.dx.ssa.DomFront::run @ 170 (264 bytes)
Event: 4,323 Thread 0x00007f445c0be000 nmethod 1583% 0x00007f444d5f82d0 code [0x00007f444d5f8880, 0x00007f444d5fc1d8]
Event: 4,324 Thread 0x00007f445c0be000 1584       3       com.android.dx.ssa.DomFront::run (264 bytes)
Event: 4,341 Thread 0x00007f445c0be000 nmethod 1584 0x00007f444d5fe210 code [0x00007f444d5fe7c0, 0x00007f444d602058]

GC Heap History (10 events):
Event: 1,453 GC heap after
Heap after GC invocations=1 (full 0):
 PSYoungGen      total 35328K, used 4601K [0x00000000eab00000, 0x00000000ef000000, 0x0000000100000000)
  eden space 30720K, 0% used [0x00000000eab00000,0x00000000eab00000,0x00000000ec900000)
  from space 4608K, 99% used [0x00000000ec900000,0x00000000ecd7e768,0x00000000ecd80000)
  to   space 4608K, 0% used [0x00000000eeb80000,0x00000000eeb80000,0x00000000ef000000)
 ParOldGen       total 80896K, used 2736K [0x00000000c0000000, 0x00000000c4f00000, 0x00000000eab00000)
  object space 80896K, 3% used [0x00000000c0000000,0x00000000c02ac218,0x00000000c4f00000)
 Metaspace       used 5638K, capacity 6768K, committed 7040K, reserved 1056768K
  class space    used 583K, capacity 616K, committed 640K, reserved 1048576K
}
Event: 1,921 GC heap before
{Heap before GC invocations=2 (full 0):
 PSYoungGen      total 35328K, used 35321K [0x00000000eab00000, 0x00000000ef000000, 0x0000000100000000)
  eden space 30720K, 100% used [0x00000000eab00000,0x00000000ec900000,0x00000000ec900000)
  from space 4608K, 99% used [0x00000000ec900000,0x00000000ecd7e768,0x00000000ecd80000)
  to   space 4608K, 0% used [0x00000000eeb80000,0x00000000eeb80000,0x00000000ef000000)
 ParOldGen       total 80896K, used 2736K [0x00000000c0000000, 0x00000000c4f00000, 0x00000000eab00000)
  object space 80896K, 3% used [0x00000000c0000000,0x00000000c02ac218,0x00000000c4f00000)
 Metaspace       used 5704K, capacity 6832K, committed 7040K, reserved 1056768K
  class space    used 583K, capacity 616K, committed 640K, reserved 1048576K
Event: 2,011 GC heap after
Heap after GC invocations=2 (full 0):
 PSYoungGen      total 66048K, used 4607K [0x00000000eab00000, 0x00000000ef000000, 0x0000000100000000)
  eden space 61440K, 0% used [0x00000000eab00000,0x00000000eab00000,0x00000000ee700000)
  from space 4608K, 99% used [0x00000000eeb80000,0x00000000eefffdf8,0x00000000ef000000)
  to   space 4608K, 0% used [0x00000000ee700000,0x00000000ee700000,0x00000000eeb80000)
 ParOldGen       total 80896K, used 12271K [0x00000000c0000000, 0x00000000c4f00000, 0x00000000eab00000)
  object space 80896K, 15% used [0x00000000c0000000,0x00000000c0bfbdd0,0x00000000c4f00000)
 Metaspace       used 5704K, capacity 6832K, committed 7040K, reserved 1056768K
  class space    used 583K, capacity 616K, committed 640K, reserved 1048576K
}
Event: 2,440 GC heap before
{Heap before GC invocations=3 (full 0):
 PSYoungGen      total 66048K, used 66047K [0x00000000eab00000, 0x00000000ef000000, 0x0000000100000000)
  eden space 61440K, 100% used [0x00000000eab00000,0x00000000ee700000,0x00000000ee700000)
  from space 4608K, 99% used [0x00000000eeb80000,0x00000000eefffdf8,0x00000000ef000000)
  to   space 4608K, 0% used [0x00000000ee700000,0x00000000ee700000,0x00000000eeb80000)
 ParOldGen       total 80896K, used 12271K [0x00000000c0000000, 0x00000000c4f00000, 0x00000000eab00000)
  object space 80896K, 15% used [0x00000000c0000000,0x00000000c0bfbdd0,0x00000000c4f00000)
 Metaspace       used 5740K, capacity 6832K, committed 7040K, reserved 1056768K
  class space    used 584K, capacity 616K, committed 640K, reserved 1048576K
Event: 2,521 GC heap after
Heap after GC invocations=3 (full 0):
 PSYoungGen      total 66048K, used 4593K [0x00000000eab00000, 0x00000000f2c00000, 0x0000000100000000)
  eden space 61440K, 0% used [0x00000000eab00000,0x00000000eab00000,0x00000000ee700000)
  from space 4608K, 99% used [0x00000000ee700000,0x00000000eeb7c4d8,0x00000000eeb80000)
  to   space 4608K, 0% used [0x00000000f2780000,0x00000000f2780000,0x00000000f2c00000)
 ParOldGen       total 80896K, used 36911K [0x00000000c0000000, 0x00000000c4f00000, 0x00000000eab00000)
  object space 80896K, 45% used [0x00000000c0000000,0x00000000c240bcf8,0x00000000c4f00000)
 Metaspace       used 5740K, capacity 6832K, committed 7040K, reserved 1056768K
  class space    used 584K, capacity 616K, committed 640K, reserved 1048576K
}
Event: 3,275 GC heap before
{Heap before GC invocations=4 (full 0):
 PSYoungGen      total 66048K, used 66033K [0x00000000eab00000, 0x00000000f2c00000, 0x0000000100000000)
  eden space 61440K, 100% used [0x00000000eab00000,0x00000000ee700000,0x00000000ee700000)
  from space 4608K, 99% used [0x00000000ee700000,0x00000000eeb7c4d8,0x00000000eeb80000)
  to   space 4608K, 0% used [0x00000000f2780000,0x00000000f2780000,0x00000000f2c00000)
 ParOldGen       total 80896K, used 36911K [0x00000000c0000000, 0x00000000c4f00000, 0x00000000eab00000)
  object space 80896K, 45% used [0x00000000c0000000,0x00000000c240bcf8,0x00000000c4f00000)
 Metaspace       used 5807K, capacity 6896K, committed 7040K, reserved 1056768K
  class space    used 586K, capacity 616K, committed 640K, reserved 1048576K
Event: 3,389 GC heap after
Heap after GC invocations=4 (full 0):
 PSYoungGen      total 127488K, used 4603K [0x00000000eab00000, 0x00000000f2c00000, 0x0000000100000000)
  eden space 122880K, 0% used [0x00000000eab00000,0x00000000eab00000,0x00000000f2300000)
  from space 4608K, 99% used [0x00000000f2780000,0x00000000f2bfed78,0x00000000f2c00000)
  to   space 4608K, 0% used [0x00000000f2300000,0x00000000f2300000,0x00000000f2780000)
 ParOldGen       total 80896K, used 59319K [0x00000000c0000000, 0x00000000c4f00000, 0x00000000eab00000)
  object space 80896K, 73% used [0x00000000c0000000,0x00000000c39ede50,0x00000000c4f00000)
 Metaspace       used 5807K, capacity 6896K, committed 7040K, reserved 1056768K
  class space    used 586K, capacity 616K, committed 640K, reserved 1048576K
}
Event: 3,389 GC heap before
{Heap before GC invocations=5 (full 1):
 PSYoungGen      total 127488K, used 4603K [0x00000000eab00000, 0x00000000f2c00000, 0x0000000100000000)
  eden space 122880K, 0% used [0x00000000eab00000,0x00000000eab00000,0x00000000f2300000)
  from space 4608K, 99% used [0x00000000f2780000,0x00000000f2bfed78,0x00000000f2c00000)
  to   space 4608K, 0% used [0x00000000f2300000,0x00000000f2300000,0x00000000f2780000)
 ParOldGen       total 80896K, used 59319K [0x00000000c0000000, 0x00000000c4f00000, 0x00000000eab00000)
  object space 80896K, 73% used [0x00000000c0000000,0x00000000c39ede50,0x00000000c4f00000)
 Metaspace       used 5807K, capacity 6896K, committed 7040K, reserved 1056768K
  class space    used 586K, capacity 616K, committed 640K, reserved 1048576K
Event: 3,564 GC heap after
Heap after GC invocations=5 (full 1):
 PSYoungGen      total 127488K, used 0K [0x00000000eab00000, 0x00000000f2c00000, 0x0000000100000000)
  eden space 122880K, 0% used [0x00000000eab00000,0x00000000eab00000,0x00000000f2300000)
  from space 4608K, 0% used [0x00000000f2780000,0x00000000f2780000,0x00000000f2c00000)
  to   space 4608K, 0% used [0x00000000f2300000,0x00000000f2300000,0x00000000f2780000)
 ParOldGen       total 92672K, used 20311K [0x00000000c0000000, 0x00000000c5a80000, 0x00000000eab00000)
  object space 92672K, 21% used [0x00000000c0000000,0x00000000c13d5fb8,0x00000000c5a80000)
 Metaspace       used 5807K, capacity 6896K, committed 7040K, reserved 1056768K
  class space    used 586K, capacity 616K, committed 640K, reserved 1048576K
}
Event: 4,353 GC heap before
{Heap before GC invocations=6 (full 1):
 PSYoungGen      total 127488K, used 122880K [0x00000000eab00000, 0x00000000f2c00000, 0x0000000100000000)
  eden space 122880K, 100% used [0x00000000eab00000,0x00000000f2300000,0x00000000f2300000)
  from space 4608K, 0% used [0x00000000f2780000,0x00000000f2780000,0x00000000f2c00000)
  to   space 4608K, 0% used [0x00000000f2300000,0x00000000f2300000,0x00000000f2780000)
 ParOldGen       total 92672K, used 20311K [0x00000000c0000000, 0x00000000c5a80000, 0x00000000eab00000)
  object space 92672K, 21% used [0x00000000c0000000,0x00000000c13d5fb8,0x00000000c5a80000)
 Metaspace       used 5888K, capacity 6960K, committed 7040K, reserved 1056768K
  class space    used 586K, capacity 616K, committed 640K, reserved 1048576K

Deoptimization events (10 events):
Event: 1,376 Thread 0x00007f445c17f000 Uncommon trap: reason=unloaded action=reinterpret pc=0x00007f444d2dc8ac method=com.android.dx.ssa.SsaRenamer$BlockRenamer.visitMoveInsn(Lcom/android/dx/ssa/NormalSsaInsn;)V @ 208
Event: 2,735 Thread 0x00007f445c17d000 Uncommon trap: reason=class_check action=maybe_recompile pc=0x00007f444d4389f4 method=com.android.dx.ssa.NormalSsaInsn.accept(Lcom/android/dx/ssa/SsaInsn$Visitor;)V @ 9
Event: 2,735 Thread 0x00007f445c17d000 Uncommon trap: reason=class_check action=maybe_recompile pc=0x00007f444d4389f4 method=com.android.dx.ssa.NormalSsaInsn.accept(Lcom/android/dx/ssa/SsaInsn$Visitor;)V @ 9
Event: 2,736 Thread 0x00007f445c17b800 Uncommon trap: reason=class_check action=maybe_recompile pc=0x00007f444d4389f4 method=com.android.dx.ssa.NormalSsaInsn.accept(Lcom/android/dx/ssa/SsaInsn$Visitor;)V @ 9
Event: 2,736 Thread 0x00007f445c17b800 Uncommon trap: reason=class_check action=maybe_recompile pc=0x00007f444d4389f4 method=com.android.dx.ssa.NormalSsaInsn.accept(Lcom/android/dx/ssa/SsaInsn$Visitor;)V @ 9
Event: 3,615 Thread 0x00007f445c00a000 Uncommon trap: reason=unstable_if action=reinterpret pc=0x00007f444d197a3c method=java.lang.String.<init>([CII)V @ 18
Event: 3,664 Thread 0x00007f445c00a000 Uncommon trap: reason=unstable_if action=reinterpret pc=0x00007f444d202414 method=java.lang.String.<init>([CII)V @ 18
Event: 3,889 Thread 0x00007f445c176000 Uncommon trap: reason=unstable_if action=reinterpret pc=0x00007f444d218c78 method=java.util.BitSet.ensureCapacity(I)V @ 6
Event: 3,891 Thread 0x00007f445c176000 Uncommon trap: reason=unstable_if action=reinterpret pc=0x00007f444d27739c method=com.android.dx.rop.cst.Constant.compareTo(Lcom/android/dx/rop/cst/Constant;)I @ 12
Event: 3,939 Thread 0x00007f445c176000 Uncommon trap: reason=bimorphic action=maybe_recompile pc=0x00007f444d4dd57c method=com.android.dx.rop.code.InsnList.contentEquals(Lcom/android/dx/rop/code/InsnList;)Z @ 38

Internal exceptions (2 events):
Event: 0,118 Thread 0x00007f445c00a000 Exception <a 'java/lang/NoSuchMethodError': Method sun.misc.Unsafe.defineClass(Ljava/lang/String;[BII)Ljava/lang/Class; name or signature does not match> (0x00000000eab07c78) thrown at [/HUDSON3/workspace/8-2-build-linux-amd64/jdk8u111/7883/hotspot/src/sh
Event: 0,118 Thread 0x00007f445c00a000 Exception <a 'java/lang/NoSuchMethodError': Method sun.misc.Unsafe.prefetchRead(Ljava/lang/Object;J)V name or signature does not match> (0x00000000eab07f60) thrown at [/HUDSON3/workspace/8-2-build-linux-amd64/jdk8u111/7883/hotspot/src/share/vm/prims/jni.c

Events (10 events):
Event: 4,223 Thread 0x00007f445c176000 DEOPT UNPACKING pc=0x00007f444d047233 sp=0x00007f4445219e18 mode 0
Event: 4,261 Executing VM operation: EnableBiasedLocking
Event: 4,272 Executing VM operation: EnableBiasedLocking done
Event: 4,272 Thread 0x00007f445c176000 DEOPT PACKING pc=0x00007f444d5880ab sp=0x00007f4445219f50
Event: 4,272 Thread 0x00007f445c176000 DEOPT UNPACKING pc=0x00007f444d047233 sp=0x00007f4445219ca0 mode 0
Event: 4,290 Thread 0x00007f445c17b800 DEOPT PACKING pc=0x00007f444d47d114 sp=0x00007f44450180d0
Event: 4,290 Thread 0x00007f445c17b800 DEOPT UNPACKING pc=0x00007f444d047233 sp=0x00007f4445017e80 mode 0
Event: 4,328 Thread 0x00007f445c176000 DEOPT PACKING pc=0x00007f444d57f8ba sp=0x00007f4445219e60
Event: 4,328 Thread 0x00007f445c176000 DEOPT UNPACKING pc=0x00007f444d047233 sp=0x00007f4445219c98 mode 0
Event: 4,350 Executing VM operation: ParallelGCFailedAllocation


Dynamic libraries:
00400000-00401000 r-xp 00000000 08:01 1997699                            /usr/lib/jvm/java-8-oracle/bin/java
00600000-00601000 rw-p 00000000 08:01 1997699                            /usr/lib/jvm/java-8-oracle/bin/java
0245d000-0247e000 rw-p 00000000 00:00 0                                  [heap]
c0000000-c5a80000 rw-p 00000000 00:00 0 
c5a80000-eab00000 ---p 00000000 00:00 0 
eab00000-f2c00000 rw-p 00000000 00:00 0 
fd580000-100000000 ---p 00000000 00:00 0 
100000000-1000a0000 rw-p 00000000 00:00 0 
1000a0000-140000000 ---p 00000000 00:00 0 
7f43f8000000-7f43f8021000 rw-p 00000000 00:00 0 
7f43f8021000-7f43fc000000 ---p 00000000 00:00 0 
7f4400000000-7f4400021000 rw-p 00000000 00:00 0 
7f4400021000-7f4404000000 ---p 00000000 00:00 0 
7f4404000000-7f4404021000 rw-p 00000000 00:00 0 
7f4404021000-7f4408000000 ---p 00000000 00:00 0 
7f4408000000-7f4408051000 rw-p 00000000 00:00 0 
7f4408051000-7f440c000000 ---p 00000000 00:00 0 
7f440c000000-7f440c021000 rw-p 00000000 00:00 0 
7f440c021000-7f4410000000 ---p 00000000 00:00 0 
7f4410000000-7f4410021000 rw-p 00000000 00:00 0 
7f4410021000-7f4414000000 ---p 00000000 00:00 0 
7f4414000000-7f4414021000 rw-p 00000000 00:00 0 
7f4414021000-7f4418000000 ---p 00000000 00:00 0 
7f4418000000-7f441885e000 rw-p 00000000 00:00 0 
7f441885e000-7f441c000000 ---p 00000000 00:00 0 
7f441c000000-7f441c802000 rw-p 00000000 00:00 0 
7f441c802000-7f4420000000 ---p 00000000 00:00 0 
7f4420000000-7f4420021000 rw-p 00000000 00:00 0 
7f4420021000-7f4424000000 ---p 00000000 00:00 0 
7f4424000000-7f4424e47000 rw-p 00000000 00:00 0 
7f4424e47000-7f4428000000 ---p 00000000 00:00 0 
7f4428000000-7f4428021000 rw-p 00000000 00:00 0 
7f4428021000-7f442c000000 ---p 00000000 00:00 0 
7f442c000000-7f442c021000 rw-p 00000000 00:00 0 
7f442c021000-7f4430000000 ---p 00000000 00:00 0 
7f4430000000-7f4430021000 rw-p 00000000 00:00 0 
7f4430021000-7f4434000000 ---p 00000000 00:00 0 
7f4434000000-7f4434290000 rw-p 00000000 00:00 0 
7f4434290000-7f4438000000 ---p 00000000 00:00 0 
7f4438000000-7f4438021000 rw-p 00000000 00:00 0 
7f4438021000-7f443c000000 ---p 00000000 00:00 0 
7f4440000000-7f4440021000 rw-p 00000000 00:00 0 
7f4440021000-7f4444000000 ---p 00000000 00:00 0 
7f4444d17000-7f4444d1a000 ---p 00000000 00:00 0 
7f4444d1a000-7f4444e18000 rw-p 00000000 00:00 0 
7f4444e18000-7f4444e1b000 ---p 00000000 00:00 0 
7f4444e1b000-7f4444f19000 rw-p 00000000 00:00 0 
7f4444f19000-7f4444f1c000 ---p 00000000 00:00 0 
7f4444f1c000-7f444501a000 rw-p 00000000 00:00 0 
7f444501a000-7f444501d000 ---p 00000000 00:00 0 
7f444501d000-7f444511b000 rw-p 00000000 00:00 0 
7f444511b000-7f444511e000 ---p 00000000 00:00 0 
7f444511e000-7f444521c000 rw-p 00000000 00:00 0 
7f444521c000-7f444521d000 ---p 00000000 00:00 0 
7f444521d000-7f444531d000 rw-p 00000000 00:00 0 
7f444531d000-7f4445320000 ---p 00000000 00:00 0 
7f4445320000-7f444541e000 rw-p 00000000 00:00 0 
7f444541e000-7f4445421000 ---p 00000000 00:00 0 
7f4445421000-7f444551f000 rw-p 00000000 00:00 0 
7f444551f000-7f4445522000 ---p 00000000 00:00 0 
7f4445522000-7f4445620000 rw-p 00000000 00:00 0 
7f4445620000-7f4445623000 ---p 00000000 00:00 0 
7f4445623000-7f4445721000 rw-p 00000000 00:00 0 
7f4445721000-7f4445724000 ---p 00000000 00:00 0 
7f4445724000-7f4445822000 rw-p 00000000 00:00 0 
7f4445822000-7f4445afb000 r--p 00000000 08:01 919008                     /usr/lib/locale/locale-archive
7f4445afb000-7f4445afe000 ---p 00000000 00:00 0 
7f4445afe000-7f4445bfc000 rw-p 00000000 00:00 0 
7f4445bfc000-7f4445bff000 ---p 00000000 00:00 0 
7f4445bff000-7f4445cfd000 rw-p 00000000 00:00 0 
7f4445cfd000-7f4445cfe000 ---p 00000000 00:00 0 
7f4445cfe000-7f4448000000 rw-p 00000000 00:00 0 
7f4448000000-7f4448021000 rw-p 00000000 00:00 0 
7f4448021000-7f444c000000 ---p 00000000 00:00 0 
7f444c063000-7f444cdb2000 rw-p 00000000 00:00 0 
7f444cdb2000-7f444cf8a000 r--s 03d2a000 08:01 2101854                    /usr/lib/jvm/java-8-oracle/jre/lib/rt.jar
7f444cf8a000-7f444d000000 rw-p 00000000 00:00 0 
7f444d000000-7f444d610000 rwxp 00000000 00:00 0 
7f444d610000-7f445c000000 ---p 00000000 00:00 0 
7f445c000000-7f445c3a8000 rw-p 00000000 00:00 0 
7f445c3a8000-7f4460000000 ---p 00000000 00:00 0 
7f4460001000-7f4460010000 r--s 000df000 08:01 2255260                    /home/kenneth/Android/Sdk/build-tools/23.0.3/lib/dx.jar
7f4460010000-7f44606b3000 rw-p 00000000 00:00 0 
7f44606b3000-7f4460873000 ---p 00000000 00:00 0 
7f4460873000-7f4460a73000 rw-p 00000000 00:00 0 
7f4460a73000-7f4460a74000 ---p 00000000 00:00 0 
7f4460a74000-7f4460b74000 rw-p 00000000 00:00 0 
7f4460b74000-7f4460b75000 ---p 00000000 00:00 0 
7f4460b75000-7f4460c75000 rw-p 00000000 00:00 0 
7f4460c75000-7f4460c76000 ---p 00000000 00:00 0 
7f4460c76000-7f4460d76000 rw-p 00000000 00:00 0 
7f4460d76000-7f4460d77000 ---p 00000000 00:00 0 
7f4460d77000-7f4460ea5000 rw-p 00000000 00:00 0 
7f4460ea5000-7f4460fcd000 ---p 00000000 00:00 0 
7f4460fcd000-7f4460ffb000 rw-p 00000000 00:00 0 
7f4460ffb000-7f4461122000 ---p 00000000 00:00 0 
7f4461122000-7f4461163000 rw-p 00000000 00:00 0 
7f4461163000-7f44611cd000 ---p 00000000 00:00 0 
7f44611cd000-7f44611e7000 rw-p 00000000 00:00 0 
7f44611e7000-7f446158e000 ---p 00000000 00:00 0 
7f446158e000-7f44615a8000 r-xp 00000000 08:01 2241176                    /usr/lib/jvm/java-8-oracle/jre/lib/amd64/libzip.so
7f44615a8000-7f44617a8000 ---p 0001a000 08:01 2241176                    /usr/lib/jvm/java-8-oracle/jre/lib/amd64/libzip.so
7f44617a8000-7f44617a9000 rw-p 0001a000 08:01 2241176                    /usr/lib/jvm/java-8-oracle/jre/lib/amd64/libzip.so
7f44617a9000-7f44617b4000 r-xp 00000000 08:01 132622                     /lib/x86_64-linux-gnu/libnss_files-2.23.so
7f44617b4000-7f44619b3000 ---p 0000b000 08:01 132622                     /lib/x86_64-linux-gnu/libnss_files-2.23.so
7f44619b3000-7f44619b4000 r--p 0000a000 08:01 132622                     /lib/x86_64-linux-gnu/libnss_files-2.23.so
7f44619b4000-7f44619b5000 rw-p 0000b000 08:01 132622                     /lib/x86_64-linux-gnu/libnss_files-2.23.so
7f44619b5000-7f44619bb000 rw-p 00000000 00:00 0 
7f44619bb000-7f44619c6000 r-xp 00000000 08:01 131505                     /lib/x86_64-linux-gnu/libnss_nis-2.23.so
7f44619c6000-7f4461bc5000 ---p 0000b000 08:01 131505                     /lib/x86_64-linux-gnu/libnss_nis-2.23.so
7f4461bc5000-7f4461bc6000 r--p 0000a000 08:01 131505                     /lib/x86_64-linux-gnu/libnss_nis-2.23.so
7f4461bc6000-7f4461bc7000 rw-p 0000b000 08:01 131505                     /lib/x86_64-linux-gnu/libnss_nis-2.23.so
7f4461bc7000-7f4461bdd000 r-xp 00000000 08:01 131490                     /lib/x86_64-linux-gnu/libnsl-2.23.so
7f4461bdd000-7f4461ddc000 ---p 00016000 08:01 131490                     /lib/x86_64-linux-gnu/libnsl-2.23.so
7f4461ddc000-7f4461ddd000 r--p 00015000 08:01 131490                     /lib/x86_64-linux-gnu/libnsl-2.23.so
7f4461ddd000-7f4461dde000 rw-p 00016000 08:01 131490                     /lib/x86_64-linux-gnu/libnsl-2.23.so
7f4461dde000-7f4461de0000 rw-p 00000000 00:00 0 
7f4461de0000-7f4461de8000 r-xp 00000000 08:01 131255                     /lib/x86_64-linux-gnu/libnss_compat-2.23.so
7f4461de8000-7f4461fe7000 ---p 00008000 08:01 131255                     /lib/x86_64-linux-gnu/libnss_compat-2.23.so
7f4461fe7000-7f4461fe8000 r--p 00007000 08:01 131255                     /lib/x86_64-linux-gnu/libnss_compat-2.23.so
7f4461fe8000-7f4461fe9000 rw-p 00008000 08:01 131255                     /lib/x86_64-linux-gnu/libnss_compat-2.23.so
7f4461fe9000-7f4462014000 r-xp 00000000 08:01 2241203                    /usr/lib/jvm/java-8-oracle/jre/lib/amd64/libjava.so
7f4462014000-7f4462213000 ---p 0002b000 08:01 2241203                    /usr/lib/jvm/java-8-oracle/jre/lib/amd64/libjava.so
7f4462213000-7f4462215000 rw-p 0002a000 08:01 2241203                    /usr/lib/jvm/java-8-oracle/jre/lib/amd64/libjava.so
7f4462215000-7f4462222000 r-xp 00000000 08:01 2241054                    /usr/lib/jvm/java-8-oracle/jre/lib/amd64/libverify.so
7f4462222000-7f4462421000 ---p 0000d000 08:01 2241054                    /usr/lib/jvm/java-8-oracle/jre/lib/amd64/libverify.so
7f4462421000-7f4462423000 rw-p 0000c000 08:01 2241054                    /usr/lib/jvm/java-8-oracle/jre/lib/amd64/libverify.so
7f4462423000-7f446242a000 r-xp 00000000 08:01 132640                     /lib/x86_64-linux-gnu/librt-2.23.so
7f446242a000-7f4462629000 ---p 00007000 08:01 132640                     /lib/x86_64-linux-gnu/librt-2.23.so
7f4462629000-7f446262a000 r--p 00006000 08:01 132640                     /lib/x86_64-linux-gnu/librt-2.23.so
7f446262a000-7f446262b000 rw-p 00007000 08:01 132640                     /lib/x86_64-linux-gnu/librt-2.23.so
7f446262b000-7f4462733000 r-xp 00000000 08:01 132634                     /lib/x86_64-linux-gnu/libm-2.23.so
7f4462733000-7f4462932000 ---p 00108000 08:01 132634                     /lib/x86_64-linux-gnu/libm-2.23.so
7f4462932000-7f4462933000 r--p 00107000 08:01 132634                     /lib/x86_64-linux-gnu/libm-2.23.so
7f4462933000-7f4462934000 rw-p 00108000 08:01 132634                     /lib/x86_64-linux-gnu/libm-2.23.so
7f4462934000-7f4463601000 r-xp 00000000 08:01 2241207                    /usr/lib/jvm/java-8-oracle/jre/lib/amd64/server/libjvm.so
7f4463601000-7f4463800000 ---p 00ccd000 08:01 2241207                    /usr/lib/jvm/java-8-oracle/jre/lib/amd64/server/libjvm.so
7f4463800000-7f44638d9000 rw-p 00ccc000 08:01 2241207                    /usr/lib/jvm/java-8-oracle/jre/lib/amd64/server/libjvm.so
7f44638d9000-7f4463924000 rw-p 00000000 00:00 0 
7f4463924000-7f4463ae3000 r-xp 00000000 08:01 132646                     /lib/x86_64-linux-gnu/libc-2.23.so
7f4463ae3000-7f4463ce3000 ---p 001bf000 08:01 132646                     /lib/x86_64-linux-gnu/libc-2.23.so
7f4463ce3000-7f4463ce7000 r--p 001bf000 08:01 132646                     /lib/x86_64-linux-gnu/libc-2.23.so
7f4463ce7000-7f4463ce9000 rw-p 001c3000 08:01 132646                     /lib/x86_64-linux-gnu/libc-2.23.so
7f4463ce9000-7f4463ced000 rw-p 00000000 00:00 0 
7f4463ced000-7f4463cf0000 r-xp 00000000 08:01 132647                     /lib/x86_64-linux-gnu/libdl-2.23.so
7f4463cf0000-7f4463eef000 ---p 00003000 08:01 132647                     /lib/x86_64-linux-gnu/libdl-2.23.so
7f4463eef000-7f4463ef0000 r--p 00002000 08:01 132647                     /lib/x86_64-linux-gnu/libdl-2.23.so
7f4463ef0000-7f4463ef1000 rw-p 00003000 08:01 132647                     /lib/x86_64-linux-gnu/libdl-2.23.so
7f4463ef1000-7f4463f06000 r-xp 00000000 08:01 1996711                    /usr/lib/jvm/java-8-oracle/lib/amd64/jli/libjli.so
7f4463f06000-7f4464106000 ---p 00015000 08:01 1996711                    /usr/lib/jvm/java-8-oracle/lib/amd64/jli/libjli.so
7f4464106000-7f4464107000 rw-p 00015000 08:01 1996711                    /usr/lib/jvm/java-8-oracle/lib/amd64/jli/libjli.so
7f4464107000-7f446411f000 r-xp 00000000 08:01 132645                     /lib/x86_64-linux-gnu/libpthread-2.23.so
7f446411f000-7f446431e000 ---p 00018000 08:01 132645                     /lib/x86_64-linux-gnu/libpthread-2.23.so
7f446431e000-7f446431f000 r--p 00017000 08:01 132645                     /lib/x86_64-linux-gnu/libpthread-2.23.so
7f446431f000-7f4464320000 rw-p 00018000 08:01 132645                     /lib/x86_64-linux-gnu/libpthread-2.23.so
7f4464320000-7f4464324000 rw-p 00000000 00:00 0 
7f4464324000-7f446434a000 r-xp 00000000 08:01 132642                     /lib/x86_64-linux-gnu/ld-2.23.so
7f446434d000-7f446441f000 rw-p 00000000 00:00 0 
7f446441f000-7f4464422000 ---p 00000000 00:00 0 
7f4464422000-7f4464524000 rw-p 00000000 00:00 0 
7f4464529000-7f446453d000 rw-p 00000000 00:00 0 
7f446453d000-7f4464545000 rw-s 00000000 08:01 655871                     /tmp/hsperfdata_kenneth/27054
7f4464545000-7f4464546000 rw-p 00000000 00:00 0 
7f4464546000-7f4464547000 ---p 00000000 00:00 0 
7f4464547000-7f4464549000 rw-p 00000000 00:00 0 
7f4464549000-7f446454a000 r--p 00025000 08:01 132642                     /lib/x86_64-linux-gnu/ld-2.23.so
7f446454a000-7f446454b000 rw-p 00026000 08:01 132642                     /lib/x86_64-linux-gnu/ld-2.23.so
7f446454b000-7f446454c000 rw-p 00000000 00:00 0 
7ffd5ae27000-7ffd5ae49000 rw-p 00000000 00:00 0                          [stack]
7ffd5ae7d000-7ffd5ae7f000 r--p 00000000 00:00 0                          [vvar]
7ffd5ae7f000-7ffd5ae81000 r-xp 00000000 00:00 0                          [vdso]
ffffffffff600000-ffffffffff601000 r-xp 00000000 00:00 0                  [vsyscall]

VM Arguments:
jvm_args: -Djava.awt.headless=true -Xmx1024M -Dfile.encoding=UTF-8 -Duser.country=US -Duser.language=en -Duser.variant 
java_command: com.android.dx.command.Main --dex --force-jumbo --num-threads=4 --multi-dex --output /home/kenneth/Documents/Goalkeeper/app/build/intermediates/transforms/dex/debug/folders/1000/5/slice_4 /home/kenneth/Documents/Goalkeeper/app/build/intermediates/transforms/instantRunSlicer/debug/folders/1/5/slice_4
java_class_path (initial): /home/kenneth/Android/Sdk/build-tools/23.0.3/lib/dx.jar
Launcher Type: SUN_STANDARD

Environment Variables:
JAVA_HOME=/usr/lib/jvm/java-8-oracle
JRE_HOME=/opt/java/jdk1.8.0_102
PATH=/usr/local/sbin:/usr/local/bin:/usr/sbin:/usr/bin:/sbin:/bin:/usr/games:/usr/local/games:/snap/bin:/home/kenneth/bin:/opt/java/jdk1.8.0_102/bin:/home/kenneth/bin:/opt/java/jdk1.8.0_102/bin:/usr/lib/jvm/java-8-oracle/bin:/usr/lib/jvm/java-8-oracle/db/bin:/usr/lib/jvm/java-8-oracle/jre/bin
LD_LIBRARY_PATH=.:
SHELL=/bin/bash
DISPLAY=:0

Signal Handlers:
SIGSEGV: [libjvm.so+0xac64b0], sa_mask[0]=11111111011111111101111111111110, sa_flags=SA_RESTART|SA_SIGINFO
SIGBUS: [libjvm.so+0xac64b0], sa_mask[0]=11111111011111111101111111111110, sa_flags=SA_RESTART|SA_SIGINFO
SIGFPE: [libjvm.so+0x91f950], sa_mask[0]=11111111011111111101111111111110, sa_flags=SA_RESTART|SA_SIGINFO
SIGPIPE: [libjvm.so+0x91f950], sa_mask[0]=11111111011111111101111111111110, sa_flags=SA_RESTART|SA_SIGINFO
SIGXFSZ: [libjvm.so+0x91f950], sa_mask[0]=11111111011111111101111111111110, sa_flags=SA_RESTART|SA_SIGINFO
SIGILL: [libjvm.so+0x91f950], sa_mask[0]=11111111011111111101111111111110, sa_flags=SA_RESTART|SA_SIGINFO
SIGUSR1: SIG_DFL, sa_mask[0]=00000000000000000000000000000000, sa_flags=none
SIGUSR2: [libjvm.so+0x920f80], sa_mask[0]=00100000000000000000000000000000, sa_flags=SA_RESTART|SA_SIGINFO
SIGHUP: [libjvm.so+0x922380], sa_mask[0]=11111111011111111101111111111110, sa_flags=SA_RESTART|SA_SIGINFO
SIGINT: [libjvm.so+0x922380], sa_mask[0]=11111111011111111101111111111110, sa_flags=SA_RESTART|SA_SIGINFO
SIGTERM: [libjvm.so+0x922380], sa_mask[0]=11111111011111111101111111111110, sa_flags=SA_RESTART|SA_SIGINFO
SIGQUIT: [libjvm.so+0x922380], sa_mask[0]=11111111011111111101111111111110, sa_flags=SA_RESTART|SA_SIGINFO


---------------  S Y S T E M  ---------------

OS:DISTRIB_ID=Ubuntu
DISTRIB_RELEASE=16.04
DISTRIB_CODENAME=xenial
DISTRIB_DESCRIPTION="Ubuntu 16.04.1 LTS"

uname:Linux 4.4.0-47-generic #68-Ubuntu SMP Wed Oct 26 19:39:52 UTC 2016 x86_64
libc:glibc 2.23 NPTL 2.23 
rlimit: STACK 8192k, CORE 0k, NPROC 29681, NOFILE 65536, AS infinity
load average:0,83 0,92 1,09

/proc/meminfo:
MemTotal:        7638804 kB
MemFree:          134824 kB
MemAvailable:      36800 kB
Buffers:             652 kB
Cached:           362344 kB
SwapCached:            0 kB
Active:          6557336 kB
Inactive:         353536 kB
Active(anon):    6551192 kB
Inactive(anon):   335768 kB
Active(file):       6144 kB
Inactive(file):    17768 kB
Unevictable:         212 kB
Mlocked:             212 kB
SwapTotal:             0 kB
SwapFree:              0 kB
Dirty:               904 kB
Writeback:             0 kB
AnonPages:       6548648 kB
Mapped:           352180 kB
Shmem:            338580 kB
Slab:             116640 kB
SReclaimable:      56068 kB
SUnreclaim:        60572 kB
KernelStack:       17024 kB
PageTables:        71476 kB
NFS_Unstable:          0 kB
Bounce:                0 kB
WritebackTmp:          0 kB
CommitLimit:     3819400 kB
Committed_AS:   14061384 kB
VmallocTotal:   34359738367 kB
VmallocUsed:           0 kB
VmallocChunk:          0 kB
HardwareCorrupted:     0 kB
AnonHugePages:   3188736 kB
CmaTotal:              0 kB
CmaFree:               0 kB
HugePages_Total:       0
HugePages_Free:        0
HugePages_Rsvd:        0
HugePages_Surp:        0
Hugepagesize:       2048 kB
DirectMap4k:      690372 kB
DirectMap2M:     7153664 kB
DirectMap1G:     1048576 kB


CPU:total 4 (4 cores per cpu, 1 threads per core) family 18 model 1 stepping 0, cmov, cx8, fxsr, mmx, sse, sse2, sse3, popcnt, mmxext, 3dnowpref, lzcnt, sse4a, tsc, tscinvbit, tscinv

/proc/cpuinfo:
processor	: 0
vendor_id	: AuthenticAMD
cpu family	: 18
model		: 1
model name	: AMD A6-3420M APU with Radeon(tm) HD Graphics
stepping	: 0
microcode	: 0x3000027
cpu MHz		: 1000.000
cache size	: 1024 KB
physical id	: 0
siblings	: 4
core id		: 0
cpu cores	: 4
apicid		: 0
initial apicid	: 0
fpu		: yes
fpu_exception	: yes
cpuid level	: 6
wp		: yes
flags		: fpu vme de pse tsc msr pae mce cx8 apic sep mtrr pge mca cmov pat pse36 clflush mmx fxsr sse sse2 ht syscall nx mmxext fxsr_opt pdpe1gb rdtscp lm 3dnowext 3dnow constant_tsc rep_good nopl nonstop_tsc extd_apicid aperfmperf pni monitor cx16 popcnt lahf_lm cmp_legacy svm extapic cr8_legacy abm sse4a misalignsse 3dnowprefetch osvw ibs skinit wdt cpb hw_pstate vmmcall arat npt lbrv svm_lock nrip_save pausefilter
bugs		: fxsave_leak sysret_ss_attrs
bogomips	: 2994.82
TLB size	: 1536 4K pages
clflush size	: 64
cache_alignment	: 64
address sizes	: 40 bits physical, 48 bits virtual
power management: ts ttp tm stc 100mhzsteps hwpstate cpb

processor	: 1
vendor_id	: AuthenticAMD
cpu family	: 18
model		: 1
model name	: AMD A6-3420M APU with Radeon(tm) HD Graphics
stepping	: 0
microcode	: 0x3000027
cpu MHz		: 900.000
cache size	: 1024 KB
physical id	: 0
siblings	: 4
core id		: 1
cpu cores	: 4
apicid		: 1
initial apicid	: 1
fpu		: yes
fpu_exception	: yes
cpuid level	: 6
wp		: yes
flags		: fpu vme de pse tsc msr pae mce cx8 apic sep mtrr pge mca cmov pat pse36 clflush mmx fxsr sse sse2 ht syscall nx mmxext fxsr_opt pdpe1gb rdtscp lm 3dnowext 3dnow constant_tsc rep_good nopl nonstop_tsc extd_apicid aperfmperf pni monitor cx16 popcnt lahf_lm cmp_legacy svm extapic cr8_legacy abm sse4a misalignsse 3dnowprefetch osvw ibs skinit wdt cpb hw_pstate vmmcall arat npt lbrv svm_lock nrip_save pausefilter
bugs		: fxsave_leak sysret_ss_attrs
bogomips	: 2994.82
TLB size	: 1536 4K pages
clflush size	: 64
cache_alignment	: 64
address sizes	: 40 bits physical, 48 bits virtual
power management: ts ttp tm stc 100mhzsteps hwpstate cpb

processor	: 2
vendor_id	: AuthenticAMD
cpu family	: 18
model		: 1
model name	: AMD A6-3420M APU with Radeon(tm) HD Graphics
stepping	: 0
microcode	: 0x3000027
cpu MHz		: 1200.000
cache size	: 1024 KB
physical id	: 0
siblings	: 4
core id		: 2
cpu cores	: 4
apicid		: 2
initial apicid	: 2
fpu		: yes
fpu_exception	: yes
cpuid level	: 6
wp		: yes
flags		: fpu vme de pse tsc msr pae mce cx8 apic sep mtrr pge mca cmov pat pse36 clflush mmx fxsr sse sse2 ht syscall nx mmxext fxsr_opt pdpe1gb rdtscp lm 3dnowext 3dnow constant_tsc rep_good nopl nonstop_tsc extd_apicid aperfmperf pni monitor cx16 popcnt lahf_lm cmp_legacy svm extapic cr8_legacy abm sse4a misalignsse 3dnowprefetch osvw ibs skinit wdt cpb hw_pstate vmmcall arat npt lbrv svm_lock nrip_save pausefilter
bugs		: fxsave_leak sysret_ss_attrs
bogomips	: 2994.82
TLB size	: 1536 4K pages
clflush size	: 64
cache_alignment	: 64
address sizes	: 40 bits physical, 48 bits virtual
power management: ts ttp tm stc 100mhzsteps hwpstate cpb

processor	: 3
vendor_id	: AuthenticAMD
cpu family	: 18
model		: 1
model name	: AMD A6-3420M APU with Radeon(tm) HD Graphics
stepping	: 0
microcode	: 0x3000027
cpu MHz		: 900.000
cache size	: 1024 KB
physical id	: 0
siblings	: 4
core id		: 3
cpu cores	: 4
apicid		: 3
initial apicid	: 3
fpu		: yes
fpu_exception	: yes
cpuid level	: 6
wp		: yes
flags		: fpu vme de pse tsc msr pae mce cx8 apic sep mtrr pge mca cmov pat pse36 clflush mmx fxsr sse sse2 ht syscall nx mmxext fxsr_opt pdpe1gb rdtscp lm 3dnowext 3dnow constant_tsc rep_good nopl nonstop_tsc extd_apicid aperfmperf pni monitor cx16 popcnt lahf_lm cmp_legacy svm extapic cr8_legacy abm sse4a misalignsse 3dnowprefetch osvw ibs skinit wdt cpb hw_pstate vmmcall arat npt lbrv svm_lock nrip_save pausefilter
bugs		: fxsave_leak sysret_ss_attrs
bogomips	: 2994.82
TLB size	: 1536 4K pages
clflush size	: 64
cache_alignment	: 64
address sizes	: 40 bits physical, 48 bits virtual
power management: ts ttp tm stc 100mhzsteps hwpstate cpb



Memory: 4k page, physical 7638804k(134824k free), swap 0k(0k free)

vm_info: Java HotSpot(TM) 64-Bit Server VM (25.111-b14) for linux-amd64 JRE (1.8.0_111-b14), built on Sep 22 2016 16:14:03 by "java_re" with gcc 4.3.0 20080428 (Red Hat 4.3.0-8)

time: Thu Nov 24 01:45:38 2016
elapsed time: 4 seconds (0d 0h 0m 4s)

