#
# There is insufficient memory for the Java Runtime Environment to continue.
# Native memory allocation (mmap) failed to map 62914560 bytes for committing reserved memory.
# Possible reasons:
#   The system is out of physical RAM or swap space
#   In 32 bit mode, the process size limit was hit
# Possible solutions:
#   Reduce memory load on the system
#   Increase physical memory or swap space
#   Check if swap backing store is full
#   Use 64 bit Java on a 64 bit OS
#   Decrease Java heap size (-Xmx/-Xms)
#   Decrease number of Java threads
#   Decrease Java thread stack sizes (-Xss)
#   Set larger code cache with -XX:ReservedCodeCacheSize=
# This output file may be truncated or incomplete.
#
#  Out of Memory Error (os_linux.cpp:2627), pid=27124, tid=0x00007f6ba7dfd700
#
# JRE version: Java(TM) SE Runtime Environment (8.0_111-b14) (build 1.8.0_111-b14)
# Java VM: Java HotSpot(TM) 64-Bit Server VM (25.111-b14 mixed mode linux-amd64 compressed oops)
# Failed to write core dump. Core dumps have been disabled. To enable core dumping, try "ulimit -c unlimited" before starting Java again
#

---------------  T H R E A D  ---------------

Current thread (0x00007f6bbc077800):  VMThread [stack: 0x00007f6ba7cfd000,0x00007f6ba7dfe000] [id=27162]

Stack: [0x00007f6ba7cfd000,0x00007f6ba7dfe000],  sp=0x00007f6ba7dfc320,  free space=1020k
Native frames: (J=compiled Java code, j=interpreted, Vv=VM code, C=native code)
V  [libjvm.so+0xac5c2a]  VMError::report_and_die()+0x2ba
V  [libjvm.so+0x4fc50b]  report_vm_out_of_memory(char const*, int, unsigned long, VMErrorType, char const*)+0x8b
V  [libjvm.so+0x922ae3]  os::Linux::commit_memory_impl(char*, unsigned long, bool)+0x103
V  [libjvm.so+0x923039]  os::pd_commit_memory(char*, unsigned long, unsigned long, bool)+0x29
V  [libjvm.so+0x91d33a]  os::commit_memory(char*, unsigned long, unsigned long, bool)+0x2a
V  [libjvm.so+0x991ac3]  PSVirtualSpace::expand_by(unsigned long)+0x53
V  [libjvm.so+0x992ec8]  PSYoungGen::resize_generation(unsigned long, unsigned long)+0xf8
V  [libjvm.so+0x992022]  PSYoungGen::resize(unsigned long, unsigned long)+0x22
V  [libjvm.so+0x98f2fb]  PSScavenge::invoke_no_policy()+0xf3b
V  [libjvm.so+0x98fa81]  PSScavenge::invoke()+0x41
V  [libjvm.so+0x9467d0]  ParallelScavengeHeap::failed_mem_allocate(unsigned long)+0x70
V  [libjvm.so+0xac7647]  VM_ParallelGCFailedAllocation::doit()+0x97
V  [libjvm.so+0xacf125]  VM_Operation::evaluate()+0x55
V  [libjvm.so+0xacd4fa]  VMThread::evaluate_operation(VM_Operation*)+0xba
V  [libjvm.so+0xacd87e]  VMThread::loop()+0x1ce
V  [libjvm.so+0xacdcf0]  VMThread::run()+0x70
V  [libjvm.so+0x924ea8]  java_start(Thread*)+0x108

VM_Operation (0x00007f6bc4525660): ParallelGCFailedAllocation, mode: safepoint, requested by thread 0x00007f6bbc00a000


---------------  P R O C E S S  ---------------

Java Threads: ( => current thread )
  0x00007f6bbc14a000 JavaThread "pool-2-thread-4" [_thread_blocked, id=27215, stack(0x00007f6ba6d17000,0x00007f6ba6e18000)]
  0x00007f6bbc148000 JavaThread "pool-2-thread-3" [_thread_blocked, id=27214, stack(0x00007f6ba6e18000,0x00007f6ba6f19000)]
  0x00007f6bbc147000 JavaThread "pool-2-thread-2" [_thread_blocked, id=27213, stack(0x00007f6ba6f19000,0x00007f6ba701a000)]
  0x00007f6bbc144000 JavaThread "pool-3-thread-1" [_thread_blocked, id=27212, stack(0x00007f6ba701a000,0x00007f6ba711b000)]
  0x00007f6bbc142000 JavaThread "pool-2-thread-1" [_thread_blocked, id=27211, stack(0x00007f6ba711b000,0x00007f6ba721c000)]
  0x00007f6bbc0c1000 JavaThread "Service Thread" daemon [_thread_blocked, id=27193, stack(0x00007f6ba731d000,0x00007f6ba741e000)]
  0x00007f6bbc0be000 JavaThread "C1 CompilerThread2" daemon [_thread_blocked, id=27189, stack(0x00007f6ba741e000,0x00007f6ba751f000)]
  0x00007f6bbc0bc800 JavaThread "C2 CompilerThread1" daemon [_thread_blocked, id=27183, stack(0x00007f6ba751f000,0x00007f6ba7620000)]
  0x00007f6bbc0b9800 JavaThread "C2 CompilerThread0" daemon [_thread_blocked, id=27182, stack(0x00007f6ba7620000,0x00007f6ba7721000)]
  0x00007f6bbc0b8000 JavaThread "Signal Dispatcher" daemon [_thread_blocked, id=27181, stack(0x00007f6ba7721000,0x00007f6ba7822000)]
  0x00007f6bbc084000 JavaThread "Finalizer" daemon [_thread_blocked, id=27170, stack(0x00007f6ba7afb000,0x00007f6ba7bfc000)]
  0x00007f6bbc07f800 JavaThread "Reference Handler" daemon [_thread_blocked, id=27166, stack(0x00007f6ba7bfc000,0x00007f6ba7cfd000)]
  0x00007f6bbc00a000 JavaThread "main" [_thread_blocked, id=27137, stack(0x00007f6bc4427000,0x00007f6bc4528000)]

Other Threads:
=>0x00007f6bbc077800 VMThread [stack: 0x00007f6ba7cfd000,0x00007f6ba7dfe000] [id=27162]
  0x00007f6bbc0c4000 WatcherThread [stack: 0x00007f6ba721c000,0x00007f6ba731d000] [id=27194]

VM state:at safepoint (normal execution)

VM Mutex/Monitor currently owned by a thread:  ([mutex/lock_event])
[0x00007f6bbc0064f0] Threads_lock - owner thread: 0x00007f6bbc077800
[0x00007f6bbc0069f0] Heap_lock - owner thread: 0x00007f6bbc00a000

Heap:
 PSYoungGen      total 66048K, used 4577K [0x00000000eab00000, 0x00000000ef000000, 0x0000000100000000)
  eden space 61440K, 0% used [0x00000000eab00000,0x00000000eab00000,0x00000000ee700000)
  from space 4608K, 99% used [0x00000000ee700000,0x00000000eeb785c0,0x00000000eeb80000)
  to   space 4608K, 0% used [0x00000000eeb80000,0x00000000eeb80000,0x00000000ef000000)
 ParOldGen       total 80896K, used 11775K [0x00000000c0000000, 0x00000000c4f00000, 0x00000000eab00000)
  object space 80896K, 14% used [0x00000000c0000000,0x00000000c0b7fdd8,0x00000000c4f00000)
 Metaspace       used 6040K, capacity 6904K, committed 7040K, reserved 1056768K
  class space    used 610K, capacity 624K, committed 640K, reserved 1048576K

Card table byte_map: [0x00007f6bc0fd5000,0x00007f6bc11d6000] byte_map_base: 0x00007f6bc09d5000

Marking Bits: (ParMarkBitMap*) 0x00007f6bc38ff220
 Begin Bits: [0x00007f6ba3000000, 0x00007f6ba4000000)
 End Bits:   [0x00007f6ba4000000, 0x00007f6ba5000000)

Polling page: 0x00007f6bc454e000

CodeCache: size=245760Kb used=4638Kb max_used=4650Kb free=241121Kb
 bounds [0x00007f6bad000000, 0x00007f6bad4a0000, 0x00007f6bbc000000]
 total_blobs=1486 nmethods=1219 adapters=182
 compilation: enabled

Compilation events (10 events):
Event: 7,890 Thread 0x00007f6bbc0be000 nmethod 1368 0x00007f6bad48b1d0 code [0x00007f6bad48b400, 0x00007f6bad48b9a8]
Event: 7,891 Thread 0x00007f6bbc0bc800 nmethod 1411 0x00007f6bad48e210 code [0x00007f6bad48e3c0, 0x00007f6bad48edf8]
Event: 7,895 Thread 0x00007f6bbc0be000 1496 %     3       com.android.dx.ssa.BasicRegisterMapper::addMapping @ 22 (68 bytes)
Event: 7,895 Thread 0x00007f6bbc0bc800 1482       4       com.android.dx.ssa.SsaInsn::<init> (29 bytes)
Event: 7,897 Thread 0x00007f6bbc0be000 nmethod 1496% 0x00007f6bad48a850 code [0x00007f6bad48a9e0, 0x00007f6bad48afd8]
Event: 7,897 Thread 0x00007f6bbc0be000 1492 %     3       com.android.dx.ssa.SsaConverter::placePhiFunctions @ 131 (394 bytes)
Event: 7,903 Thread 0x00007f6bbc0bc800 nmethod 1482 0x00007f6bad3e5e10 code [0x00007f6bad3e5f60, 0x00007f6bad3e5ff8]
Event: 7,903 Thread 0x00007f6bbc0bc800 1427       4       com.android.dx.util.FixedSizeList::hashCode (8 bytes)
Event: 7,914 Thread 0x00007f6bbc0bc800 nmethod 1427 0x00007f6bad48c250 code [0x00007f6bad48c3c0, 0x00007f6bad48c638]
Event: 7,914 Thread 0x00007f6bbc0bc800 1470       4       com.android.dx.rop.cst.CstBaseMethodRef::compareTo0 (29 bytes)

GC Heap History (5 events):
Event: 2,811 GC heap before
{Heap before GC invocations=1 (full 0):
 PSYoungGen      total 35328K, used 30720K [0x00000000eab00000, 0x00000000ed200000, 0x0000000100000000)
  eden space 30720K, 100% used [0x00000000eab00000,0x00000000ec900000,0x00000000ec900000)
  from space 4608K, 0% used [0x00000000ecd80000,0x00000000ecd80000,0x00000000ed200000)
  to   space 4608K, 0% used [0x00000000ec900000,0x00000000ec900000,0x00000000ecd80000)
 ParOldGen       total 80896K, used 0K [0x00000000c0000000, 0x00000000c4f00000, 0x00000000eab00000)
  object space 80896K, 0% used [0x00000000c0000000,0x00000000c0000000,0x00000000c4f00000)
 Metaspace       used 5794K, capacity 6710K, committed 6784K, reserved 1056768K
  class space    used 606K, capacity 622K, committed 640K, reserved 1048576K
Event: 2,882 GC heap after
Heap after GC invocations=1 (full 0):
 PSYoungGen      total 35328K, used 4590K [0x00000000eab00000, 0x00000000ef000000, 0x0000000100000000)
  eden space 30720K, 0% used [0x00000000eab00000,0x00000000eab00000,0x00000000ec900000)
  from space 4608K, 99% used [0x00000000ec900000,0x00000000ecd7ba48,0x00000000ecd80000)
  to   space 4608K, 0% used [0x00000000eeb80000,0x00000000eeb80000,0x00000000ef000000)
 ParOldGen       total 80896K, used 228K [0x00000000c0000000, 0x00000000c4f00000, 0x00000000eab00000)
  object space 80896K, 0% used [0x00000000c0000000,0x00000000c00391b8,0x00000000c4f00000)
 Metaspace       used 5794K, capacity 6710K, committed 6784K, reserved 1056768K
  class space    used 606K, capacity 622K, committed 640K, reserved 1048576K
}
Event: 5,181 GC heap before
{Heap before GC invocations=2 (full 0):
 PSYoungGen      total 35328K, used 35310K [0x00000000eab00000, 0x00000000ef000000, 0x0000000100000000)
  eden space 30720K, 100% used [0x00000000eab00000,0x00000000ec900000,0x00000000ec900000)
  from space 4608K, 99% used [0x00000000ec900000,0x00000000ecd7ba48,0x00000000ecd80000)
  to   space 4608K, 0% used [0x00000000eeb80000,0x00000000eeb80000,0x00000000ef000000)
 ParOldGen       total 80896K, used 228K [0x00000000c0000000, 0x00000000c4f00000, 0x00000000eab00000)
  object space 80896K, 0% used [0x00000000c0000000,0x00000000c00391b8,0x00000000c4f00000)
 Metaspace       used 5932K, capacity 6776K, committed 7040K, reserved 1056768K
  class space    used 609K, capacity 624K, committed 640K, reserved 1048576K
Event: 5,395 GC heap after
Heap after GC invocations=2 (full 0):
 PSYoungGen      total 66048K, used 4606K [0x00000000eab00000, 0x00000000ef000000, 0x0000000100000000)
  eden space 61440K, 0% used [0x00000000eab00000,0x00000000eab00000,0x00000000ee700000)
  from space 4608K, 99% used [0x00000000eeb80000,0x00000000eefffa08,0x00000000ef000000)
  to   space 4608K, 0% used [0x00000000ee700000,0x00000000ee700000,0x00000000eeb80000)
 ParOldGen       total 80896K, used 3438K [0x00000000c0000000, 0x00000000c4f00000, 0x00000000eab00000)
  object space 80896K, 4% used [0x00000000c0000000,0x00000000c035bad8,0x00000000c4f00000)
 Metaspace       used 5932K, capacity 6776K, committed 7040K, reserved 1056768K
  class space    used 609K, capacity 624K, committed 640K, reserved 1048576K
}
Event: 7,935 GC heap before
{Heap before GC invocations=3 (full 0):
 PSYoungGen      total 66048K, used 66046K [0x00000000eab00000, 0x00000000ef000000, 0x0000000100000000)
  eden space 61440K, 100% used [0x00000000eab00000,0x00000000ee700000,0x00000000ee700000)
  from space 4608K, 99% used [0x00000000eeb80000,0x00000000eefffa08,0x00000000ef000000)
  to   space 4608K, 0% used [0x00000000ee700000,0x00000000ee700000,0x00000000eeb80000)
 ParOldGen       total 80896K, used 3438K [0x00000000c0000000, 0x00000000c4f00000, 0x00000000eab00000)
  object space 80896K, 4% used [0x00000000c0000000,0x00000000c035bad8,0x00000000c4f00000)
 Metaspace       used 6040K, capacity 6904K, committed 7040K, reserved 1056768K
  class space    used 610K, capacity 624K, committed 640K, reserved 1048576K

Deoptimization events (10 events):
Event: 3,089 Thread 0x00007f6bbc148000 Uncommon trap: reason=unstable_if action=reinterpret pc=0x00007f6bad2098ec method=java.util.BitSet.nextSetBit(I)I @ 87
Event: 4,506 Thread 0x00007f6bbc00a000 Uncommon trap: reason=null_check action=make_not_entrant pc=0x00007f6bad304f64 method=com.android.dx.ssa.SsaRenamer.getLocalForNewReg(I)Lcom/android/dx/rop/code/LocalItem; @ 19
Event: 5,668 Thread 0x00007f6bbc147000 Uncommon trap: reason=unstable_if action=reinterpret pc=0x00007f6bad287cdc method=com.android.dx.rop.cst.Constant.compareTo(Lcom/android/dx/rop/cst/Constant;)I @ 12
Event: 5,729 Thread 0x00007f6bbc148000 Uncommon trap: reason=unstable_if action=reinterpret pc=0x00007f6bad316238 method=com.android.dx.rop.code.RegisterSpecSet.put(Lcom/android/dx/rop/code/RegisterSpec;)V @ 77
Event: 6,399 Thread 0x00007f6bbc148000 Uncommon trap: reason=unstable_if action=reinterpret pc=0x00007f6bad2adf2c method=com.android.dx.rop.code.RegisterSpec.equals(ILcom/android/dx/rop/type/TypeBearer;Lcom/android/dx/rop/code/LocalItem;)Z @ 42
Event: 6,796 Thread 0x00007f6bbc148000 Uncommon trap: reason=bimorphic action=maybe_recompile pc=0x00007f6bad23efc0 method=java.util.HashMap.getNode(ILjava/lang/Object;)Ljava/util/HashMap$Node; @ 126
Event: 6,796 Thread 0x00007f6bbc148000 Uncommon trap: reason=bimorphic action=maybe_recompile pc=0x00007f6bad23efc0 method=java.util.HashMap.getNode(ILjava/lang/Object;)Ljava/util/HashMap$Node; @ 126
Event: 6,796 Thread 0x00007f6bbc148000 Uncommon trap: reason=bimorphic action=maybe_recompile pc=0x00007f6bad23efc0 method=java.util.HashMap.getNode(ILjava/lang/Object;)Ljava/util/HashMap$Node; @ 126
Event: 6,796 Thread 0x00007f6bbc148000 Uncommon trap: reason=bimorphic action=maybe_recompile pc=0x00007f6bad23efc0 method=java.util.HashMap.getNode(ILjava/lang/Object;)Ljava/util/HashMap$Node; @ 126
Event: 6,796 Thread 0x00007f6bbc148000 Uncommon trap: reason=bimorphic action=maybe_recompile pc=0x00007f6bad24aa98 method=java.util.HashMap.getNode(ILjava/lang/Object;)Ljava/util/HashMap$Node; @ 126

Internal exceptions (3 events):
Event: 0,130 Thread 0x00007f6bbc00a000 Exception <a 'java/lang/NoSuchMethodError': Method sun.misc.Unsafe.defineClass(Ljava/lang/String;[BII)Ljava/lang/Class; name or signature does not match> (0x00000000eab07c78) thrown at [/HUDSON3/workspace/8-2-build-linux-amd64/jdk8u111/7883/hotspot/src/sh
Event: 0,130 Thread 0x00007f6bbc00a000 Exception <a 'java/lang/NoSuchMethodError': Method sun.misc.Unsafe.prefetchRead(Ljava/lang/Object;J)V name or signature does not match> (0x00000000eab07f60) thrown at [/HUDSON3/workspace/8-2-build-linux-amd64/jdk8u111/7883/hotspot/src/share/vm/prims/jni.c
Event: 4,506 Thread 0x00007f6bbc00a000 Implicit null exception at 0x00007f6bad302b85 to 0x00007f6bad304f41

Events (10 events):
Event: 6,796 Thread 0x00007f6bbc148000 DEOPT UNPACKING pc=0x00007f6bad005229 sp=0x00007f6ba6f16b08 mode 2
Event: 6,796 Thread 0x00007f6bbc148000 Uncommon trap: trap_request=0xffffffc6 fr.pc=0x00007f6bad23efc0
Event: 6,796 Thread 0x00007f6bbc148000 DEOPT PACKING pc=0x00007f6bad23efc0 sp=0x00007f6ba6f16bc0
Event: 6,796 Thread 0x00007f6bbc148000 DEOPT UNPACKING pc=0x00007f6bad005229 sp=0x00007f6ba6f16b08 mode 2
Event: 6,796 Thread 0x00007f6bbc148000 Uncommon trap: trap_request=0xffffffc6 fr.pc=0x00007f6bad24aa98
Event: 6,796 Thread 0x00007f6bbc148000 DEOPT PACKING pc=0x00007f6bad24aa98 sp=0x00007f6ba6f16e70
Event: 6,796 Thread 0x00007f6bbc148000 DEOPT UNPACKING pc=0x00007f6bad005229 sp=0x00007f6ba6f16e28 mode 2
Event: 7,467 Thread 0x00007f6bbc147000 DEOPT PACKING pc=0x00007f6bad3375af sp=0x00007f6ba7018040
Event: 7,467 Thread 0x00007f6bbc147000 DEOPT UNPACKING pc=0x00007f6bad047233 sp=0x00007f6ba7017e18 mode 0
Event: 7,927 Executing VM operation: ParallelGCFailedAllocation


Dynamic libraries:
00400000-00401000 r-xp 00000000 08:01 1997699                            /usr/lib/jvm/java-8-oracle/bin/java
00600000-00601000 rw-p 00000000 08:01 1997699                            /usr/lib/jvm/java-8-oracle/bin/java
018ab000-018cc000 rw-p 00000000 00:00 0                                  [heap]
c0000000-c4f00000 rw-p 00000000 00:00 0 
c4f00000-eab00000 ---p 00000000 00:00 0 
eab00000-ef000000 rw-p 00000000 00:00 0 
f2c00000-100000000 ---p 00000000 00:00 0 
100000000-1000a0000 rw-p 00000000 00:00 0 
1000a0000-140000000 ---p 00000000 00:00 0 
7f6b54000000-7f6b54028000 rw-p 00000000 00:00 0 
7f6b54028000-7f6b58000000 ---p 00000000 00:00 0 
7f6b5c000000-7f6b5c021000 rw-p 00000000 00:00 0 
7f6b5c021000-7f6b60000000 ---p 00000000 00:00 0 
7f6b60000000-7f6b60021000 rw-p 00000000 00:00 0 
7f6b60021000-7f6b64000000 ---p 00000000 00:00 0 
7f6b64000000-7f6b64028000 rw-p 00000000 00:00 0 
7f6b64028000-7f6b68000000 ---p 00000000 00:00 0 
7f6b68000000-7f6b68021000 rw-p 00000000 00:00 0 
7f6b68021000-7f6b6c000000 ---p 00000000 00:00 0 
7f6b6c000000-7f6b6c021000 rw-p 00000000 00:00 0 
7f6b6c021000-7f6b70000000 ---p 00000000 00:00 0 
7f6b70000000-7f6b70021000 rw-p 00000000 00:00 0 
7f6b70021000-7f6b74000000 ---p 00000000 00:00 0 
7f6b74000000-7f6b7447e000 rw-p 00000000 00:00 0 
7f6b7447e000-7f6b78000000 ---p 00000000 00:00 0 
7f6b78000000-7f6b78726000 rw-p 00000000 00:00 0 
7f6b78726000-7f6b7c000000 ---p 00000000 00:00 0 
7f6b7c000000-7f6b7c021000 rw-p 00000000 00:00 0 
7f6b7c021000-7f6b80000000 ---p 00000000 00:00 0 
7f6b80000000-7f6b803f5000 rw-p 00000000 00:00 0 
7f6b803f5000-7f6b84000000 ---p 00000000 00:00 0 
7f6b84000000-7f6b84021000 rw-p 00000000 00:00 0 
7f6b84021000-7f6b88000000 ---p 00000000 00:00 0 
7f6b88000000-7f6b88021000 rw-p 00000000 00:00 0 
7f6b88021000-7f6b8c000000 ---p 00000000 00:00 0 
7f6b8c000000-7f6b8c021000 rw-p 00000000 00:00 0 
7f6b8c021000-7f6b90000000 ---p 00000000 00:00 0 
7f6b90000000-7f6b90297000 rw-p 00000000 00:00 0 
7f6b90297000-7f6b94000000 ---p 00000000 00:00 0 
7f6b94000000-7f6b94021000 rw-p 00000000 00:00 0 
7f6b94021000-7f6b98000000 ---p 00000000 00:00 0 
7f6b9c000000-7f6b9c021000 rw-p 00000000 00:00 0 
7f6b9c021000-7f6ba0000000 ---p 00000000 00:00 0 
7f6ba3000000-7f6ba5000000 rw-p 00000000 00:00 0 
7f6ba6d17000-7f6ba6d1a000 ---p 00000000 00:00 0 
7f6ba6d1a000-7f6ba6e18000 rw-p 00000000 00:00 0 
7f6ba6e18000-7f6ba6e1b000 ---p 00000000 00:00 0 
7f6ba6e1b000-7f6ba6f19000 rw-p 00000000 00:00 0 
7f6ba6f19000-7f6ba6f1c000 ---p 00000000 00:00 0 
7f6ba6f1c000-7f6ba701a000 rw-p 00000000 00:00 0 
7f6ba701a000-7f6ba701d000 ---p 00000000 00:00 0 
7f6ba701d000-7f6ba711b000 rw-p 00000000 00:00 0 
7f6ba711b000-7f6ba711e000 ---p 00000000 00:00 0 
7f6ba711e000-7f6ba721c000 rw-p 00000000 00:00 0 
7f6ba721c000-7f6ba721d000 ---p 00000000 00:00 0 
7f6ba721d000-7f6ba731d000 rw-p 00000000 00:00 0 
7f6ba731d000-7f6ba7320000 ---p 00000000 00:00 0 
7f6ba7320000-7f6ba741e000 rw-p 00000000 00:00 0 
7f6ba741e000-7f6ba7421000 ---p 00000000 00:00 0 
7f6ba7421000-7f6ba751f000 rw-p 00000000 00:00 0 
7f6ba751f000-7f6ba7522000 ---p 00000000 00:00 0 
7f6ba7522000-7f6ba7620000 rw-p 00000000 00:00 0 
7f6ba7620000-7f6ba7623000 ---p 00000000 00:00 0 
7f6ba7623000-7f6ba7721000 rw-p 00000000 00:00 0 
7f6ba7721000-7f6ba7724000 ---p 00000000 00:00 0 
7f6ba7724000-7f6ba7822000 rw-p 00000000 00:00 0 
7f6ba7822000-7f6ba7afb000 r--p 00000000 08:01 919008                     /usr/lib/locale/locale-archive
7f6ba7afb000-7f6ba7afe000 ---p 00000000 00:00 0 
7f6ba7afe000-7f6ba7bfc000 rw-p 00000000 00:00 0 
7f6ba7bfc000-7f6ba7bff000 ---p 00000000 00:00 0 
7f6ba7bff000-7f6ba7cfd000 rw-p 00000000 00:00 0 
7f6ba7cfd000-7f6ba7cfe000 ---p 00000000 00:00 0 
7f6ba7cfe000-7f6ba8000000 rw-p 00000000 00:00 0 
7f6ba8000000-7f6ba8021000 rw-p 00000000 00:00 0 
7f6ba8021000-7f6bac000000 ---p 00000000 00:00 0 
7f6bac051000-7f6bac067000 r--s 000f1000 08:01 3717115                    /home/kenneth/Documents/Goalkeeper/app/build/intermediates/exploded-aar/com.android.support/support-v4/23.4.0/jars/classes.jar
7f6bac067000-7f6bac076000 r--s 000df000 08:01 2255260                    /home/kenneth/Android/Sdk/build-tools/23.0.3/lib/dx.jar
7f6bac076000-7f6bace28000 rw-p 00000000 00:00 0 
7f6bace28000-7f6bad000000 r--s 03d2a000 08:01 2101854                    /usr/lib/jvm/java-8-oracle/jre/lib/rt.jar
7f6bad000000-7f6bad4a0000 rwxp 00000000 00:00 0 
7f6bad4a0000-7f6bbc000000 ---p 00000000 00:00 0 
7f6bbc000000-7f6bbc398000 rw-p 00000000 00:00 0 
7f6bbc398000-7f6bc0000000 ---p 00000000 00:00 0 
7f6bc0005000-7f6bc06bb000 rw-p 00000000 00:00 0 
7f6bc06bb000-7f6bc087b000 ---p 00000000 00:00 0 
7f6bc087b000-7f6bc0a7b000 rw-p 00000000 00:00 0 
7f6bc0a7b000-7f6bc0a7c000 ---p 00000000 00:00 0 
7f6bc0a7c000-7f6bc0b7c000 rw-p 00000000 00:00 0 
7f6bc0b7c000-7f6bc0b7d000 ---p 00000000 00:00 0 
7f6bc0b7d000-7f6bc0c7d000 rw-p 00000000 00:00 0 
7f6bc0c7d000-7f6bc0c7e000 ---p 00000000 00:00 0 
7f6bc0c7e000-7f6bc0d7e000 rw-p 00000000 00:00 0 
7f6bc0d7e000-7f6bc0d7f000 ---p 00000000 00:00 0 
7f6bc0d7f000-7f6bc0ea7000 rw-p 00000000 00:00 0 
7f6bc0ea7000-7f6bc0fd5000 ---p 00000000 00:00 0 
7f6bc0fd5000-7f6bc0ffd000 rw-p 00000000 00:00 0 
7f6bc0ffd000-7f6bc112a000 ---p 00000000 00:00 0 
7f6bc112a000-7f6bc114d000 rw-p 00000000 00:00 0 
7f6bc114d000-7f6bc11d5000 ---p 00000000 00:00 0 
7f6bc11d5000-7f6bc11e9000 rw-p 00000000 00:00 0 
7f6bc11e9000-7f6bc1596000 ---p 00000000 00:00 0 
7f6bc1596000-7f6bc15b0000 r-xp 00000000 08:01 2241176                    /usr/lib/jvm/java-8-oracle/jre/lib/amd64/libzip.so
7f6bc15b0000-7f6bc17b0000 ---p 0001a000 08:01 2241176                    /usr/lib/jvm/java-8-oracle/jre/lib/amd64/libzip.so
7f6bc17b0000-7f6bc17b1000 rw-p 0001a000 08:01 2241176                    /usr/lib/jvm/java-8-oracle/jre/lib/amd64/libzip.so
7f6bc17b1000-7f6bc17bc000 r-xp 00000000 08:01 132622                     /lib/x86_64-linux-gnu/libnss_files-2.23.so
7f6bc17bc000-7f6bc19bb000 ---p 0000b000 08:01 132622                     /lib/x86_64-linux-gnu/libnss_files-2.23.so
7f6bc19bb000-7f6bc19bc000 r--p 0000a000 08:01 132622                     /lib/x86_64-linux-gnu/libnss_files-2.23.so
7f6bc19bc000-7f6bc19bd000 rw-p 0000b000 08:01 132622                     /lib/x86_64-linux-gnu/libnss_files-2.23.so
7f6bc19bd000-7f6bc19c3000 rw-p 00000000 00:00 0 
7f6bc19c3000-7f6bc19ce000 r-xp 00000000 08:01 131505                     /lib/x86_64-linux-gnu/libnss_nis-2.23.so
7f6bc19ce000-7f6bc1bcd000 ---p 0000b000 08:01 131505                     /lib/x86_64-linux-gnu/libnss_nis-2.23.so
7f6bc1bcd000-7f6bc1bce000 r--p 0000a000 08:01 131505                     /lib/x86_64-linux-gnu/libnss_nis-2.23.so
7f6bc1bce000-7f6bc1bcf000 rw-p 0000b000 08:01 131505                     /lib/x86_64-linux-gnu/libnss_nis-2.23.so
7f6bc1bcf000-7f6bc1be5000 r-xp 00000000 08:01 131490                     /lib/x86_64-linux-gnu/libnsl-2.23.so
7f6bc1be5000-7f6bc1de4000 ---p 00016000 08:01 131490                     /lib/x86_64-linux-gnu/libnsl-2.23.so
7f6bc1de4000-7f6bc1de5000 r--p 00015000 08:01 131490                     /lib/x86_64-linux-gnu/libnsl-2.23.so
7f6bc1de5000-7f6bc1de6000 rw-p 00016000 08:01 131490                     /lib/x86_64-linux-gnu/libnsl-2.23.so
7f6bc1de6000-7f6bc1de8000 rw-p 00000000 00:00 0 
7f6bc1de8000-7f6bc1df0000 r-xp 00000000 08:01 131255                     /lib/x86_64-linux-gnu/libnss_compat-2.23.so
7f6bc1df0000-7f6bc1fef000 ---p 00008000 08:01 131255                     /lib/x86_64-linux-gnu/libnss_compat-2.23.so
7f6bc1fef000-7f6bc1ff0000 r--p 00007000 08:01 131255                     /lib/x86_64-linux-gnu/libnss_compat-2.23.so
7f6bc1ff0000-7f6bc1ff1000 rw-p 00008000 08:01 131255                     /lib/x86_64-linux-gnu/libnss_compat-2.23.so
7f6bc1ff1000-7f6bc201c000 r-xp 00000000 08:01 2241203                    /usr/lib/jvm/java-8-oracle/jre/lib/amd64/libjava.so
7f6bc201c000-7f6bc221b000 ---p 0002b000 08:01 2241203                    /usr/lib/jvm/java-8-oracle/jre/lib/amd64/libjava.so
7f6bc221b000-7f6bc221d000 rw-p 0002a000 08:01 2241203                    /usr/lib/jvm/java-8-oracle/jre/lib/amd64/libjava.so
7f6bc221d000-7f6bc222a000 r-xp 00000000 08:01 2241054                    /usr/lib/jvm/java-8-oracle/jre/lib/amd64/libverify.so
7f6bc222a000-7f6bc2429000 ---p 0000d000 08:01 2241054                    /usr/lib/jvm/java-8-oracle/jre/lib/amd64/libverify.so
7f6bc2429000-7f6bc242b000 rw-p 0000c000 08:01 2241054                    /usr/lib/jvm/java-8-oracle/jre/lib/amd64/libverify.so
7f6bc242b000-7f6bc2432000 r-xp 00000000 08:01 132640                     /lib/x86_64-linux-gnu/librt-2.23.so
7f6bc2432000-7f6bc2631000 ---p 00007000 08:01 132640                     /lib/x86_64-linux-gnu/librt-2.23.so
7f6bc2631000-7f6bc2632000 r--p 00006000 08:01 132640                     /lib/x86_64-linux-gnu/librt-2.23.so
7f6bc2632000-7f6bc2633000 rw-p 00007000 08:01 132640                     /lib/x86_64-linux-gnu/librt-2.23.so
7f6bc2633000-7f6bc273b000 r-xp 00000000 08:01 132634                     /lib/x86_64-linux-gnu/libm-2.23.so
7f6bc273b000-7f6bc293a000 ---p 00108000 08:01 132634                     /lib/x86_64-linux-gnu/libm-2.23.so
7f6bc293a000-7f6bc293b000 r--p 00107000 08:01 132634                     /lib/x86_64-linux-gnu/libm-2.23.so
7f6bc293b000-7f6bc293c000 rw-p 00108000 08:01 132634                     /lib/x86_64-linux-gnu/libm-2.23.so
7f6bc293c000-7f6bc3609000 r-xp 00000000 08:01 2241207                    /usr/lib/jvm/java-8-oracle/jre/lib/amd64/server/libjvm.so
7f6bc3609000-7f6bc3808000 ---p 00ccd000 08:01 2241207                    /usr/lib/jvm/java-8-oracle/jre/lib/amd64/server/libjvm.so
7f6bc3808000-7f6bc38e1000 rw-p 00ccc000 08:01 2241207                    /usr/lib/jvm/java-8-oracle/jre/lib/amd64/server/libjvm.so
7f6bc38e1000-7f6bc392c000 rw-p 00000000 00:00 0 
7f6bc392c000-7f6bc3aeb000 r-xp 00000000 08:01 132646                     /lib/x86_64-linux-gnu/libc-2.23.so
7f6bc3aeb000-7f6bc3ceb000 ---p 001bf000 08:01 132646                     /lib/x86_64-linux-gnu/libc-2.23.so
7f6bc3ceb000-7f6bc3cef000 r--p 001bf000 08:01 132646                     /lib/x86_64-linux-gnu/libc-2.23.so
7f6bc3cef000-7f6bc3cf1000 rw-p 001c3000 08:01 132646                     /lib/x86_64-linux-gnu/libc-2.23.so
7f6bc3cf1000-7f6bc3cf5000 rw-p 00000000 00:00 0 
7f6bc3cf5000-7f6bc3cf8000 r-xp 00000000 08:01 132647                     /lib/x86_64-linux-gnu/libdl-2.23.so
7f6bc3cf8000-7f6bc3ef7000 ---p 00003000 08:01 132647                     /lib/x86_64-linux-gnu/libdl-2.23.so
7f6bc3ef7000-7f6bc3ef8000 r--p 00002000 08:01 132647                     /lib/x86_64-linux-gnu/libdl-2.23.so
7f6bc3ef8000-7f6bc3ef9000 rw-p 00003000 08:01 132647                     /lib/x86_64-linux-gnu/libdl-2.23.so
7f6bc3ef9000-7f6bc3f0e000 r-xp 00000000 08:01 1996711                    /usr/lib/jvm/java-8-oracle/lib/amd64/jli/libjli.so
7f6bc3f0e000-7f6bc410e000 ---p 00015000 08:01 1996711                    /usr/lib/jvm/java-8-oracle/lib/amd64/jli/libjli.so
7f6bc410e000-7f6bc410f000 rw-p 00015000 08:01 1996711                    /usr/lib/jvm/java-8-oracle/lib/amd64/jli/libjli.so
7f6bc410f000-7f6bc4127000 r-xp 00000000 08:01 132645                     /lib/x86_64-linux-gnu/libpthread-2.23.so
7f6bc4127000-7f6bc4326000 ---p 00018000 08:01 132645                     /lib/x86_64-linux-gnu/libpthread-2.23.so
7f6bc4326000-7f6bc4327000 r--p 00017000 08:01 132645                     /lib/x86_64-linux-gnu/libpthread-2.23.so
7f6bc4327000-7f6bc4328000 rw-p 00018000 08:01 132645                     /lib/x86_64-linux-gnu/libpthread-2.23.so
7f6bc4328000-7f6bc432c000 rw-p 00000000 00:00 0 
7f6bc432c000-7f6bc4352000 r-xp 00000000 08:01 132642                     /lib/x86_64-linux-gnu/ld-2.23.so
7f6bc4355000-7f6bc4427000 rw-p 00000000 00:00 0 
7f6bc4427000-7f6bc442a000 ---p 00000000 00:00 0 
7f6bc442a000-7f6bc452c000 rw-p 00000000 00:00 0 
7f6bc4531000-7f6bc4545000 rw-p 00000000 00:00 0 
7f6bc4545000-7f6bc454d000 rw-s 00000000 08:01 655910                     /tmp/hsperfdata_kenneth/27124
7f6bc454d000-7f6bc454e000 rw-p 00000000 00:00 0 
7f6bc454e000-7f6bc454f000 ---p 00000000 00:00 0 
7f6bc454f000-7f6bc4551000 rw-p 00000000 00:00 0 
7f6bc4551000-7f6bc4552000 r--p 00025000 08:01 132642                     /lib/x86_64-linux-gnu/ld-2.23.so
7f6bc4552000-7f6bc4553000 rw-p 00026000 08:01 132642                     /lib/x86_64-linux-gnu/ld-2.23.so
7f6bc4553000-7f6bc4554000 rw-p 00000000 00:00 0 
7ffe25f0d000-7ffe25f2f000 rw-p 00000000 00:00 0                          [stack]
7ffe25fac000-7ffe25fae000 r--p 00000000 00:00 0                          [vvar]
7ffe25fae000-7ffe25fb0000 r-xp 00000000 00:00 0                          [vdso]
ffffffffff600000-ffffffffff601000 r-xp 00000000 00:00 0                  [vsyscall]

VM Arguments:
jvm_args: -Djava.awt.headless=true -Xmx1024M -Dfile.encoding=UTF-8 -Duser.country=US -Duser.language=en -Duser.variant 
java_command: com.android.dx.command.Main --dex --force-jumbo --num-threads=4 --multi-dex --output /home/kenneth/Documents/Goalkeeper/app/build/intermediates/transforms/dex/debug/folders/1000/10/com.android.support-support-v4-23.4.0_0412c7c6d42de414f8e8634724d0b59291855922 /home/kenneth/Documents/Goalkeeper/app/build/intermediates/exploded-aar/com.android.support/support-v4/23.4.0/jars/classes.jar
java_class_path (initial): /home/kenneth/Android/Sdk/build-tools/23.0.3/lib/dx.jar
Launcher Type: SUN_STANDARD

Environment Variables:
JAVA_HOME=/usr/lib/jvm/java-8-oracle
JRE_HOME=/opt/java/jdk1.8.0_102
PATH=/usr/local/sbin:/usr/local/bin:/usr/sbin:/usr/bin:/sbin:/bin:/usr/games:/usr/local/games:/snap/bin:/home/kenneth/bin:/opt/java/jdk1.8.0_102/bin:/home/kenneth/bin:/opt/java/jdk1.8.0_102/bin:/usr/lib/jvm/java-8-oracle/bin:/usr/lib/jvm/java-8-oracle/db/bin:/usr/lib/jvm/java-8-oracle/jre/bin
LD_LIBRARY_PATH=.:
SHELL=/bin/bash
DISPLAY=:0

Signal Handlers:
SIGSEGV: [libjvm.so+0xac64b0], sa_mask[0]=11111111011111111101111111111110, sa_flags=SA_RESTART|SA_SIGINFO
SIGBUS: [libjvm.so+0xac64b0], sa_mask[0]=11111111011111111101111111111110, sa_flags=SA_RESTART|SA_SIGINFO
SIGFPE: [libjvm.so+0x91f950], sa_mask[0]=11111111011111111101111111111110, sa_flags=SA_RESTART|SA_SIGINFO
SIGPIPE: [libjvm.so+0x91f950], sa_mask[0]=11111111011111111101111111111110, sa_flags=SA_RESTART|SA_SIGINFO
SIGXFSZ: [libjvm.so+0x91f950], sa_mask[0]=11111111011111111101111111111110, sa_flags=SA_RESTART|SA_SIGINFO
SIGILL: [libjvm.so+0x91f950], sa_mask[0]=11111111011111111101111111111110, sa_flags=SA_RESTART|SA_SIGINFO
SIGUSR1: SIG_DFL, sa_mask[0]=00000000000000000000000000000000, sa_flags=none
SIGUSR2: [libjvm.so+0x920f80], sa_mask[0]=00100000000000000000000000000000, sa_flags=SA_RESTART|SA_SIGINFO
SIGHUP: [libjvm.so+0x922380], sa_mask[0]=11111111011111111101111111111110, sa_flags=SA_RESTART|SA_SIGINFO
SIGINT: [libjvm.so+0x922380], sa_mask[0]=11111111011111111101111111111110, sa_flags=SA_RESTART|SA_SIGINFO
SIGTERM: [libjvm.so+0x922380], sa_mask[0]=11111111011111111101111111111110, sa_flags=SA_RESTART|SA_SIGINFO
SIGQUIT: [libjvm.so+0x922380], sa_mask[0]=11111111011111111101111111111110, sa_flags=SA_RESTART|SA_SIGINFO


---------------  S Y S T E M  ---------------

OS:DISTRIB_ID=Ubuntu
DISTRIB_RELEASE=16.04
DISTRIB_CODENAME=xenial
DISTRIB_DESCRIPTION="Ubuntu 16.04.1 LTS"

uname:Linux 4.4.0-47-generic #68-Ubuntu SMP Wed Oct 26 19:39:52 UTC 2016 x86_64
libc:glibc 2.23 NPTL 2.23 
rlimit: STACK 8192k, CORE 0k, NPROC 29681, NOFILE 65536, AS infinity
load average:23,41 6,70 3,02

/proc/meminfo:
MemTotal:        7638804 kB
MemFree:          442608 kB
MemAvailable:     359336 kB
Buffers:            1256 kB
Cached:           393112 kB
SwapCached:            0 kB
Active:          6225324 kB
Inactive:         379872 kB
Active(anon):    6214600 kB
Inactive(anon):   337152 kB
Active(file):      10724 kB
Inactive(file):    42720 kB
Unevictable:         212 kB
Mlocked:             212 kB
SwapTotal:             0 kB
SwapFree:              0 kB
Dirty:                 0 kB
Writeback:             4 kB
AnonPages:       6212000 kB
Mapped:           358956 kB
Shmem:            339964 kB
Slab:             116552 kB
SReclaimable:      56036 kB
SUnreclaim:        60516 kB
KernelStack:       18064 kB
PageTables:        69820 kB
NFS_Unstable:          0 kB
Bounce:                0 kB
WritebackTmp:          0 kB
CommitLimit:     3819400 kB
Committed_AS:   14084020 kB
VmallocTotal:   34359738367 kB
VmallocUsed:           0 kB
VmallocChunk:          0 kB
HardwareCorrupted:     0 kB
AnonHugePages:   3201024 kB
CmaTotal:              0 kB
CmaFree:               0 kB
HugePages_Total:       0
HugePages_Free:        0
HugePages_Rsvd:        0
HugePages_Surp:        0
Hugepagesize:       2048 kB
DirectMap4k:      690372 kB
DirectMap2M:     7153664 kB
DirectMap1G:     1048576 kB


CPU:total 4 (4 cores per cpu, 1 threads per core) family 18 model 1 stepping 0, cmov, cx8, fxsr, mmx, sse, sse2, sse3, popcnt, mmxext, 3dnowpref, lzcnt, sse4a, tsc, tscinvbit, tscinv

/proc/cpuinfo:
processor	: 0
vendor_id	: AuthenticAMD
cpu family	: 18
model		: 1
model name	: AMD A6-3420M APU with Radeon(tm) HD Graphics
stepping	: 0
microcode	: 0x3000027
cpu MHz		: 1500.000
cache size	: 1024 KB
physical id	: 0
siblings	: 4
core id		: 0
cpu cores	: 4
apicid		: 0
initial apicid	: 0
fpu		: yes
fpu_exception	: yes
cpuid level	: 6
wp		: yes
flags		: fpu vme de pse tsc msr pae mce cx8 apic sep mtrr pge mca cmov pat pse36 clflush mmx fxsr sse sse2 ht syscall nx mmxext fxsr_opt pdpe1gb rdtscp lm 3dnowext 3dnow constant_tsc rep_good nopl nonstop_tsc extd_apicid aperfmperf pni monitor cx16 popcnt lahf_lm cmp_legacy svm extapic cr8_legacy abm sse4a misalignsse 3dnowprefetch osvw ibs skinit wdt cpb hw_pstate vmmcall arat npt lbrv svm_lock nrip_save pausefilter
bugs		: fxsave_leak sysret_ss_attrs
bogomips	: 2994.82
TLB size	: 1536 4K pages
clflush size	: 64
cache_alignment	: 64
address sizes	: 40 bits physical, 48 bits virtual
power management: ts ttp tm stc 100mhzsteps hwpstate cpb

processor	: 1
vendor_id	: AuthenticAMD
cpu family	: 18
model		: 1
model name	: AMD A6-3420M APU with Radeon(tm) HD Graphics
stepping	: 0
microcode	: 0x3000027
cpu MHz		: 1200.000
cache size	: 1024 KB
physical id	: 0
siblings	: 4
core id		: 1
cpu cores	: 4
apicid		: 1
initial apicid	: 1
fpu		: yes
fpu_exception	: yes
cpuid level	: 6
wp		: yes
flags		: fpu vme de pse tsc msr pae mce cx8 apic sep mtrr pge mca cmov pat pse36 clflush mmx fxsr sse sse2 ht syscall nx mmxext fxsr_opt pdpe1gb rdtscp lm 3dnowext 3dnow constant_tsc rep_good nopl nonstop_tsc extd_apicid aperfmperf pni monitor cx16 popcnt lahf_lm cmp_legacy svm extapic cr8_legacy abm sse4a misalignsse 3dnowprefetch osvw ibs skinit wdt cpb hw_pstate vmmcall arat npt lbrv svm_lock nrip_save pausefilter
bugs		: fxsave_leak sysret_ss_attrs
bogomips	: 2994.82
TLB size	: 1536 4K pages
clflush size	: 64
cache_alignment	: 64
address sizes	: 40 bits physical, 48 bits virtual
power management: ts ttp tm stc 100mhzsteps hwpstate cpb

processor	: 2
vendor_id	: AuthenticAMD
cpu family	: 18
model		: 1
model name	: AMD A6-3420M APU with Radeon(tm) HD Graphics
stepping	: 0
microcode	: 0x3000027
cpu MHz		: 1500.000
cache size	: 1024 KB
physical id	: 0
siblings	: 4
core id		: 2
cpu cores	: 4
apicid		: 2
initial apicid	: 2
fpu		: yes
fpu_exception	: yes
cpuid level	: 6
wp		: yes
flags		: fpu vme de pse tsc msr pae mce cx8 apic sep mtrr pge mca cmov pat pse36 clflush mmx fxsr sse sse2 ht syscall nx mmxext fxsr_opt pdpe1gb rdtscp lm 3dnowext 3dnow constant_tsc rep_good nopl nonstop_tsc extd_apicid aperfmperf pni monitor cx16 popcnt lahf_lm cmp_legacy svm extapic cr8_legacy abm sse4a misalignsse 3dnowprefetch osvw ibs skinit wdt cpb hw_pstate vmmcall arat npt lbrv svm_lock nrip_save pausefilter
bugs		: fxsave_leak sysret_ss_attrs
bogomips	: 2994.82
TLB size	: 1536 4K pages
clflush size	: 64
cache_alignment	: 64
address sizes	: 40 bits physical, 48 bits virtual
power management: ts ttp tm stc 100mhzsteps hwpstate cpb

processor	: 3
vendor_id	: AuthenticAMD
cpu family	: 18
model		: 1
model name	: AMD A6-3420M APU with Radeon(tm) HD Graphics
stepping	: 0
microcode	: 0x3000027
cpu MHz		: 1500.000
cache size	: 1024 KB
physical id	: 0
siblings	: 4
core id		: 3
cpu cores	: 4
apicid		: 3
initial apicid	: 3
fpu		: yes
fpu_exception	: yes
cpuid level	: 6
wp		: yes
flags		: fpu vme de pse tsc msr pae mce cx8 apic sep mtrr pge mca cmov pat pse36 clflush mmx fxsr sse sse2 ht syscall nx mmxext fxsr_opt pdpe1gb rdtscp lm 3dnowext 3dnow constant_tsc rep_good nopl nonstop_tsc extd_apicid aperfmperf pni monitor cx16 popcnt lahf_lm cmp_legacy svm extapic cr8_legacy abm sse4a misalignsse 3dnowprefetch osvw ibs skinit wdt cpb hw_pstate vmmcall arat npt lbrv svm_lock nrip_save pausefilter
bugs		: fxsave_leak sysret_ss_attrs
bogomips	: 2994.82
TLB size	: 1536 4K pages
clflush size	: 64
cache_alignment	: 64
address sizes	: 40 bits physical, 48 bits virtual
power management: ts ttp tm stc 100mhzsteps hwpstate cpb



Memory: 4k page, physical 7638804k(442360k free), swap 0k(0k free)

vm_info: Java HotSpot(TM) 64-Bit Server VM (25.111-b14) for linux-amd64 JRE (1.8.0_111-b14), built on Sep 22 2016 16:14:03 by "java_re" with gcc 4.3.0 20080428 (Red Hat 4.3.0-8)

time: Thu Nov 24 01:46:54 2016
elapsed time: 40 seconds (0d 0h 0m 40s)

