#
# There is insufficient memory for the Java Runtime Environment to continue.
# Native memory allocation (mmap) failed to map 62914560 bytes for committing reserved memory.
# Possible reasons:
#   The system is out of physical RAM or swap space
#   In 32 bit mode, the process size limit was hit
# Possible solutions:
#   Reduce memory load on the system
#   Increase physical memory or swap space
#   Check if swap backing store is full
#   Use 64 bit Java on a 64 bit OS
#   Decrease Java heap size (-Xmx/-Xms)
#   Decrease number of Java threads
#   Decrease Java thread stack sizes (-Xss)
#   Set larger code cache with -XX:ReservedCodeCacheSize=
# This output file may be truncated or incomplete.
#
#  Out of Memory Error (os_linux.cpp:2627), pid=27128, tid=0x00007fdefb4f4700
#
# JRE version: Java(TM) SE Runtime Environment (8.0_111-b14) (build 1.8.0_111-b14)
# Java VM: Java HotSpot(TM) 64-Bit Server VM (25.111-b14 mixed mode linux-amd64 compressed oops)
# Failed to write core dump. Core dumps have been disabled. To enable core dumping, try "ulimit -c unlimited" before starting Java again
#

---------------  T H R E A D  ---------------

Current thread (0x00007fdf18077800):  VMThread [stack: 0x00007fdefb3f4000,0x00007fdefb4f5000] [id=27160]

Stack: [0x00007fdefb3f4000,0x00007fdefb4f5000],  sp=0x00007fdefb4f3120,  free space=1020k
Native frames: (J=compiled Java code, j=interpreted, Vv=VM code, C=native code)
V  [libjvm.so+0xac5c2a]  VMError::report_and_die()+0x2ba
V  [libjvm.so+0x4fc50b]  report_vm_out_of_memory(char const*, int, unsigned long, VMErrorType, char const*)+0x8b
V  [libjvm.so+0x922ae3]  os::Linux::commit_memory_impl(char*, unsigned long, bool)+0x103
V  [libjvm.so+0x923039]  os::pd_commit_memory(char*, unsigned long, unsigned long, bool)+0x29
V  [libjvm.so+0x91d33a]  os::commit_memory(char*, unsigned long, unsigned long, bool)+0x2a
V  [libjvm.so+0x991ac3]  PSVirtualSpace::expand_by(unsigned long)+0x53
V  [libjvm.so+0x992ec8]  PSYoungGen::resize_generation(unsigned long, unsigned long)+0xf8
V  [libjvm.so+0x992022]  PSYoungGen::resize(unsigned long, unsigned long)+0x22
V  [libjvm.so+0x98f2fb]  PSScavenge::invoke_no_policy()+0xf3b
V  [libjvm.so+0x98fa81]  PSScavenge::invoke()+0x41
V  [libjvm.so+0x9467d0]  ParallelScavengeHeap::failed_mem_allocate(unsigned long)+0x70
V  [libjvm.so+0xac7647]  VM_ParallelGCFailedAllocation::doit()+0x97
V  [libjvm.so+0xacf125]  VM_Operation::evaluate()+0x55
V  [libjvm.so+0xacd4fa]  VMThread::evaluate_operation(VM_Operation*)+0xba
V  [libjvm.so+0xacd87e]  VMThread::loop()+0x1ce
V  [libjvm.so+0xacdcf0]  VMThread::run()+0x70
V  [libjvm.so+0x924ea8]  java_start(Thread*)+0x108

VM_Operation (0x00007fdf21bcc820): ParallelGCFailedAllocation, mode: safepoint, requested by thread 0x00007fdf1800a000


---------------  P R O C E S S  ---------------

Java Threads: ( => current thread )
  0x00007fdf18150800 JavaThread "pool-2-thread-4" [_thread_blocked, id=27206, stack(0x00007fdefa40e000,0x00007fdefa50f000)]
  0x00007fdf1814f000 JavaThread "pool-2-thread-3" [_thread_blocked, id=27203, stack(0x00007fdefa50f000,0x00007fdefa610000)]
  0x00007fdf1814d000 JavaThread "pool-2-thread-2" [_thread_blocked, id=27202, stack(0x00007fdefa610000,0x00007fdefa711000)]
  0x00007fdf18141000 JavaThread "pool-3-thread-1" [_thread_blocked, id=27198, stack(0x00007fdefa711000,0x00007fdefa812000)]
  0x00007fdf1813f000 JavaThread "pool-2-thread-1" [_thread_blocked, id=27196, stack(0x00007fdefa812000,0x00007fdefa913000)]
  0x00007fdf180c1000 JavaThread "Service Thread" daemon [_thread_blocked, id=27187, stack(0x00007fdefaa14000,0x00007fdefab15000)]
  0x00007fdf180be000 JavaThread "C1 CompilerThread2" daemon [_thread_blocked, id=27184, stack(0x00007fdefab15000,0x00007fdefac16000)]
  0x00007fdf180bc800 JavaThread "C2 CompilerThread1" daemon [_thread_blocked, id=27179, stack(0x00007fdefac16000,0x00007fdefad17000)]
  0x00007fdf180b9800 JavaThread "C2 CompilerThread0" daemon [_thread_blocked, id=27178, stack(0x00007fdefad17000,0x00007fdefae18000)]
  0x00007fdf180b8000 JavaThread "Signal Dispatcher" daemon [_thread_blocked, id=27177, stack(0x00007fdefae18000,0x00007fdefaf19000)]
  0x00007fdf18084000 JavaThread "Finalizer" daemon [_thread_blocked, id=27167, stack(0x00007fdefb1f2000,0x00007fdefb2f3000)]
  0x00007fdf1807f800 JavaThread "Reference Handler" daemon [_thread_blocked, id=27165, stack(0x00007fdefb2f3000,0x00007fdefb3f4000)]
  0x00007fdf1800a000 JavaThread "main" [_thread_blocked, id=27136, stack(0x00007fdf21ace000,0x00007fdf21bcf000)]

Other Threads:
=>0x00007fdf18077800 VMThread [stack: 0x00007fdefb3f4000,0x00007fdefb4f5000] [id=27160]
  0x00007fdf180c4000 WatcherThread [stack: 0x00007fdefa913000,0x00007fdefaa14000] [id=27190]

VM state:at safepoint (normal execution)

VM Mutex/Monitor currently owned by a thread:  ([mutex/lock_event])
[0x00007fdf18006510] Threads_lock - owner thread: 0x00007fdf18077800
[0x00007fdf18006a10] Heap_lock - owner thread: 0x00007fdf1800a000

Heap:
 PSYoungGen      total 66048K, used 4589K [0x00000000eab00000, 0x00000000ef000000, 0x0000000100000000)
  eden space 61440K, 0% used [0x00000000eab00000,0x00000000eab00000,0x00000000ee700000)
  from space 4608K, 99% used [0x00000000ee700000,0x00000000eeb7b428,0x00000000eeb80000)
  to   space 4608K, 0% used [0x00000000eeb80000,0x00000000eeb80000,0x00000000ef000000)
 ParOldGen       total 80896K, used 13948K [0x00000000c0000000, 0x00000000c4f00000, 0x00000000eab00000)
  object space 80896K, 17% used [0x00000000c0000000,0x00000000c0d9f3c0,0x00000000c4f00000)
 Metaspace       used 6102K, capacity 6936K, committed 7168K, reserved 1056768K
  class space    used 629K, capacity 656K, committed 768K, reserved 1048576K

Card table byte_map: [0x00007fdf1e67c000,0x00007fdf1e87d000] byte_map_base: 0x00007fdf1e07c000

Marking Bits: (ParMarkBitMap*) 0x00007fdf20fa6220
 Begin Bits: [0x00007fdf1c122000, 0x00007fdf1d122000)
 End Bits:   [0x00007fdf1d122000, 0x00007fdf1e122000)

Polling page: 0x00007fdf21bf5000

CodeCache: size=245760Kb used=4863Kb max_used=4863Kb free=240896Kb
 bounds [0x00007fdf09000000, 0x00007fdf094d0000, 0x00007fdf18000000]
 total_blobs=1450 nmethods=1183 adapters=182
 compilation: enabled

Compilation events (10 events):
Event: 8,794 Thread 0x00007fdf180be000 nmethod 1561 0x00007fdf094a5a90 code [0x00007fdf094a5ca0, 0x00007fdf094a6398]
Event: 8,795 Thread 0x00007fdf180be000 1537 % !   3       com.android.dx.cf.code.Simulator::simulate @ 19 (74 bytes)
Event: 8,798 Thread 0x00007fdf180be000 nmethod 1537% 0x00007fdf094c0ad0 code [0x00007fdf094c0cc0, 0x00007fdf094c1618]
Event: 8,799 Thread 0x00007fdf180be000 1558       3       java.util.TreeMap::put (247 bytes)
Event: 8,807 Thread 0x00007fdf180be000 nmethod 1558 0x00007fdf094c1ad0 code [0x00007fdf094c1d40, 0x00007fdf094c2f18]
Event: 8,808 Thread 0x00007fdf180be000 1553       3       com.android.dx.rop.code.BasicBlockList::getInstructionCount (48 bytes)
Event: 8,821 Thread 0x00007fdf180be000 nmethod 1553 0x00007fdf094aec50 code [0x00007fdf094aede0, 0x00007fdf094af470]
Event: 8,821 Thread 0x00007fdf180be000 1554 %     3       com.android.dx.dex.code.RopTranslator::outputInstructions @ 19 (69 bytes)
Event: 8,824 Thread 0x00007fdf180be000 nmethod 1554% 0x00007fdf094c3650 code [0x00007fdf094c37e0, 0x00007fdf094c3cd8]
Event: 8,824 Thread 0x00007fdf180be000 1532       3       com.android.dx.util.BitIntSet::merge (148 bytes)

GC Heap History (5 events):
Event: 3,001 GC heap before
{Heap before GC invocations=1 (full 0):
 PSYoungGen      total 35328K, used 30720K [0x00000000eab00000, 0x00000000ed200000, 0x0000000100000000)
  eden space 30720K, 100% used [0x00000000eab00000,0x00000000ec900000,0x00000000ec900000)
  from space 4608K, 0% used [0x00000000ecd80000,0x00000000ecd80000,0x00000000ed200000)
  to   space 4608K, 0% used [0x00000000ec900000,0x00000000ec900000,0x00000000ecd80000)
 ParOldGen       total 80896K, used 0K [0x00000000c0000000, 0x00000000c4f00000, 0x00000000eab00000)
  object space 80896K, 0% used [0x00000000c0000000,0x00000000c0000000,0x00000000c4f00000)
 Metaspace       used 5836K, capacity 6776K, committed 7040K, reserved 1056768K
  class space    used 606K, capacity 624K, committed 640K, reserved 1048576K
Event: 3,070 GC heap after
Heap after GC invocations=1 (full 0):
 PSYoungGen      total 35328K, used 4606K [0x00000000eab00000, 0x00000000ef000000, 0x0000000100000000)
  eden space 30720K, 0% used [0x00000000eab00000,0x00000000eab00000,0x00000000ec900000)
  from space 4608K, 99% used [0x00000000ec900000,0x00000000ecd7fb60,0x00000000ecd80000)
  to   space 4608K, 0% used [0x00000000eeb80000,0x00000000eeb80000,0x00000000ef000000)
 ParOldGen       total 80896K, used 1873K [0x00000000c0000000, 0x00000000c4f00000, 0x00000000eab00000)
  object space 80896K, 2% used [0x00000000c0000000,0x00000000c01d46b8,0x00000000c4f00000)
 Metaspace       used 5836K, capacity 6776K, committed 7040K, reserved 1056768K
  class space    used 606K, capacity 624K, committed 640K, reserved 1048576K
}
Event: 5,516 GC heap before
{Heap before GC invocations=2 (full 0):
 PSYoungGen      total 35328K, used 35326K [0x00000000eab00000, 0x00000000ef000000, 0x0000000100000000)
  eden space 30720K, 100% used [0x00000000eab00000,0x00000000ec900000,0x00000000ec900000)
  from space 4608K, 99% used [0x00000000ec900000,0x00000000ecd7fb60,0x00000000ecd80000)
  to   space 4608K, 0% used [0x00000000eeb80000,0x00000000eeb80000,0x00000000ef000000)
 ParOldGen       total 80896K, used 1873K [0x00000000c0000000, 0x00000000c4f00000, 0x00000000eab00000)
  object space 80896K, 2% used [0x00000000c0000000,0x00000000c01d46b8,0x00000000c4f00000)
 Metaspace       used 5954K, capacity 6840K, committed 7040K, reserved 1056768K
  class space    used 608K, capacity 624K, committed 640K, reserved 1048576K
Event: 5,645 GC heap after
Heap after GC invocations=2 (full 0):
 PSYoungGen      total 66048K, used 4607K [0x00000000eab00000, 0x00000000ef000000, 0x0000000100000000)
  eden space 61440K, 0% used [0x00000000eab00000,0x00000000eab00000,0x00000000ee700000)
  from space 4608K, 99% used [0x00000000eeb80000,0x00000000eeffffa8,0x00000000ef000000)
  to   space 4608K, 0% used [0x00000000ee700000,0x00000000ee700000,0x00000000eeb80000)
 ParOldGen       total 80896K, used 5699K [0x00000000c0000000, 0x00000000c4f00000, 0x00000000eab00000)
  object space 80896K, 7% used [0x00000000c0000000,0x00000000c0590fc8,0x00000000c4f00000)
 Metaspace       used 5954K, capacity 6840K, committed 7040K, reserved 1056768K
  class space    used 608K, capacity 624K, committed 640K, reserved 1048576K
}
Event: 8,852 GC heap before
{Heap before GC invocations=3 (full 0):
 PSYoungGen      total 66048K, used 66047K [0x00000000eab00000, 0x00000000ef000000, 0x0000000100000000)
  eden space 61440K, 100% used [0x00000000eab00000,0x00000000ee700000,0x00000000ee700000)
  from space 4608K, 99% used [0x00000000eeb80000,0x00000000eeffffa8,0x00000000ef000000)
  to   space 4608K, 0% used [0x00000000ee700000,0x00000000ee700000,0x00000000eeb80000)
 ParOldGen       total 80896K, used 5699K [0x00000000c0000000, 0x00000000c4f00000, 0x00000000eab00000)
  object space 80896K, 7% used [0x00000000c0000000,0x00000000c0590fc8,0x00000000c4f00000)
 Metaspace       used 6102K, capacity 6936K, committed 7168K, reserved 1056768K
  class space    used 629K, capacity 656K, committed 768K, reserved 1048576K

Deoptimization events (10 events):
Event: 2,514 Thread 0x00007fdf1800a000 Uncommon trap: reason=bimorphic action=maybe_recompile pc=0x00007fdf0924a40c method=java.util.HashMap.getNode(ILjava/lang/Object;)Ljava/util/HashMap$Node; @ 126
Event: 2,714 Thread 0x00007fdf1813f000 Uncommon trap: reason=bimorphic action=maybe_recompile pc=0x00007fdf0924a40c method=java.util.HashMap.getNode(ILjava/lang/Object;)Ljava/util/HashMap$Node; @ 126
Event: 2,814 Thread 0x00007fdf1813f000 Uncommon trap: reason=bimorphic action=maybe_recompile pc=0x00007fdf0924a40c method=java.util.HashMap.getNode(ILjava/lang/Object;)Ljava/util/HashMap$Node; @ 126
Event: 2,814 Thread 0x00007fdf1813f000 Uncommon trap: reason=bimorphic action=maybe_recompile pc=0x00007fdf0924a40c method=java.util.HashMap.getNode(ILjava/lang/Object;)Ljava/util/HashMap$Node; @ 126
Event: 2,814 Thread 0x00007fdf1813f000 Uncommon trap: reason=bimorphic action=maybe_recompile pc=0x00007fdf092012cc method=java.util.HashMap.getNode(ILjava/lang/Object;)Ljava/util/HashMap$Node; @ 126
Event: 5,263 Thread 0x00007fdf18150800 Uncommon trap: reason=null_check action=make_not_entrant pc=0x00007fdf093095cc method=com.android.dx.ssa.SsaRenamer.getLocalForNewReg(I)Lcom/android/dx/rop/code/LocalItem; @ 19
Event: 5,908 Thread 0x00007fdf18150800 Uncommon trap: reason=null_check action=make_not_entrant pc=0x00007fdf092e6dd0 method=com.android.dx.ssa.SsaRenamer.getLocalForNewReg(I)Lcom/android/dx/rop/code/LocalItem; @ 19
Event: 6,515 Thread 0x00007fdf1813f000 Uncommon trap: reason=unstable_if action=reinterpret pc=0x00007fdf092f0bec method=java.util.HashMap.getNode(ILjava/lang/Object;)Ljava/util/HashMap$Node; @ 84
Event: 6,523 Thread 0x00007fdf1813f000 Uncommon trap: reason=unstable_if action=reinterpret pc=0x00007fdf093bb678 method=java.util.HashMap.getNode(ILjava/lang/Object;)Ljava/util/HashMap$Node; @ 84
Event: 8,712 Thread 0x00007fdf1814d000 Uncommon trap: reason=unstable_if action=reinterpret pc=0x00007fdf09487e6c method=java.util.HashMap.putVal(ILjava/lang/Object;Ljava/lang/Object;ZZ)Ljava/lang/Object; @ 94

Internal exceptions (7 events):
Event: 0,133 Thread 0x00007fdf1800a000 Exception <a 'java/lang/NoSuchMethodError': Method sun.misc.Unsafe.defineClass(Ljava/lang/String;[BII)Ljava/lang/Class; name or signature does not match> (0x00000000eab07c78) thrown at [/HUDSON3/workspace/8-2-build-linux-amd64/jdk8u111/7883/hotspot/src/sh
Event: 0,133 Thread 0x00007fdf1800a000 Exception <a 'java/lang/NoSuchMethodError': Method sun.misc.Unsafe.prefetchRead(Ljava/lang/Object;J)V name or signature does not match> (0x00000000eab07f60) thrown at [/HUDSON3/workspace/8-2-build-linux-amd64/jdk8u111/7883/hotspot/src/share/vm/prims/jni.c
Event: 5,263 Thread 0x00007fdf18150800 Implicit null exception at 0x00007fdf09307242 to 0x00007fdf093095a9
Event: 5,908 Thread 0x00007fdf18150800 Implicit null exception at 0x00007fdf092e4813 to 0x00007fdf092e6db5
Event: 6,461 Thread 0x00007fdf1813f000 Exception <a 'java/lang/ArrayIndexOutOfBoundsException': 18> (0x00000000ec24c118) thrown at [/HUDSON3/workspace/8-2-build-linux-amd64/jdk8u111/7883/hotspot/src/share/vm/interpreter/interpreterRuntime.cpp, line 366]
Event: 6,462 Thread 0x00007fdf1813f000 Exception <a 'java/lang/ArrayIndexOutOfBoundsException': 145> (0x00000000ec24dc98) thrown at [/HUDSON3/workspace/8-2-build-linux-amd64/jdk8u111/7883/hotspot/src/share/vm/interpreter/interpreterRuntime.cpp, line 366]
Event: 6,479 Thread 0x00007fdf1813f000 Exception <a 'java/lang/ArrayIndexOutOfBoundsException': 40> (0x00000000ec24ef80) thrown at [/HUDSON3/workspace/8-2-build-linux-amd64/jdk8u111/7883/hotspot/src/share/vm/interpreter/interpreterRuntime.cpp, line 366]

Events (10 events):
Event: 8,385 Thread 0x00007fdf1814d000 DEOPT PACKING pc=0x00007fdf09231bf9 sp=0x00007fdefa70eeb0
Event: 8,397 Thread 0x00007fdf1814d000 DEOPT UNPACKING pc=0x00007fdf09047233 sp=0x00007fdefa70ec00 mode 0
Event: 8,408 Thread 0x00007fdf1814d000 DEOPT PACKING pc=0x00007fdf0937798f sp=0x00007fdefa70efa0
Event: 8,408 Thread 0x00007fdf1814d000 DEOPT UNPACKING pc=0x00007fdf09047233 sp=0x00007fdefa70ece0 mode 0
Event: 8,443 Thread 0x00007fdf1800a000 DEOPT PACKING pc=0x00007fdf0934a2e3 sp=0x00007fdf21bcc820
Event: 8,673 Thread 0x00007fdf1800a000 DEOPT UNPACKING pc=0x00007fdf09047233 sp=0x00007fdf21bcc5f0 mode 0
Event: 8,706 Thread 0x00007fdf1814d000 Uncommon trap: trap_request=0xffffff65 fr.pc=0x00007fdf09487e6c
Event: 8,712 Thread 0x00007fdf1814d000 DEOPT PACKING pc=0x00007fdf09487e6c sp=0x00007fdefa70ec90
Event: 8,719 Thread 0x00007fdf1814d000 DEOPT UNPACKING pc=0x00007fdf09005229 sp=0x00007fdefa70ec60 mode 2
Event: 8,827 Executing VM operation: ParallelGCFailedAllocation


Dynamic libraries:
00400000-00401000 r-xp 00000000 08:01 1997699                            /usr/lib/jvm/java-8-oracle/bin/java
00600000-00601000 rw-p 00000000 08:01 1997699                            /usr/lib/jvm/java-8-oracle/bin/java
01f86000-01fa7000 rw-p 00000000 00:00 0                                  [heap]
c0000000-c4f00000 rw-p 00000000 00:00 0 
c4f00000-eab00000 ---p 00000000 00:00 0 
eab00000-ef000000 rw-p 00000000 00:00 0 
f2c00000-100000000 ---p 00000000 00:00 0 
100000000-1000c0000 rw-p 00000000 00:00 0 
1000c0000-140000000 ---p 00000000 00:00 0 
7fdeb8000000-7fdeb802f000 rw-p 00000000 00:00 0 
7fdeb802f000-7fdebc000000 ---p 00000000 00:00 0 
7fdec0000000-7fdec0021000 rw-p 00000000 00:00 0 
7fdec0021000-7fdec4000000 ---p 00000000 00:00 0 
7fdec4000000-7fdec4021000 rw-p 00000000 00:00 0 
7fdec4021000-7fdec8000000 ---p 00000000 00:00 0 
7fdec8000000-7fdec803c000 rw-p 00000000 00:00 0 
7fdec803c000-7fdecc000000 ---p 00000000 00:00 0 
7fdecc000000-7fdecc021000 rw-p 00000000 00:00 0 
7fdecc021000-7fded0000000 ---p 00000000 00:00 0 
7fded0000000-7fded0021000 rw-p 00000000 00:00 0 
7fded0021000-7fded4000000 ---p 00000000 00:00 0 
7fded4000000-7fded4021000 rw-p 00000000 00:00 0 
7fded4021000-7fded8000000 ---p 00000000 00:00 0 
7fded8000000-7fded84e3000 rw-p 00000000 00:00 0 
7fded84e3000-7fdedc000000 ---p 00000000 00:00 0 
7fdedc000000-7fdedc75c000 rw-p 00000000 00:00 0 
7fdedc75c000-7fdee0000000 ---p 00000000 00:00 0 
7fdee0000000-7fdee0021000 rw-p 00000000 00:00 0 
7fdee0021000-7fdee4000000 ---p 00000000 00:00 0 
7fdee4000000-7fdee4530000 rw-p 00000000 00:00 0 
7fdee4530000-7fdee8000000 ---p 00000000 00:00 0 
7fdee8000000-7fdee8021000 rw-p 00000000 00:00 0 
7fdee8021000-7fdeec000000 ---p 00000000 00:00 0 
7fdeec000000-7fdeec021000 rw-p 00000000 00:00 0 
7fdeec021000-7fdef0000000 ---p 00000000 00:00 0 
7fdef0000000-7fdef028f000 rw-p 00000000 00:00 0 
7fdef028f000-7fdef4000000 ---p 00000000 00:00 0 
7fdef4000000-7fdef4021000 rw-p 00000000 00:00 0 
7fdef4021000-7fdef8000000 ---p 00000000 00:00 0 
7fdefa40e000-7fdefa411000 ---p 00000000 00:00 0 
7fdefa411000-7fdefa50f000 rw-p 00000000 00:00 0 
7fdefa50f000-7fdefa512000 ---p 00000000 00:00 0 
7fdefa512000-7fdefa610000 rw-p 00000000 00:00 0 
7fdefa610000-7fdefa613000 ---p 00000000 00:00 0 
7fdefa613000-7fdefa711000 rw-p 00000000 00:00 0 
7fdefa711000-7fdefa714000 ---p 00000000 00:00 0 
7fdefa714000-7fdefa812000 rw-p 00000000 00:00 0 
7fdefa812000-7fdefa815000 ---p 00000000 00:00 0 
7fdefa815000-7fdefa913000 rw-p 00000000 00:00 0 
7fdefa913000-7fdefa914000 ---p 00000000 00:00 0 
7fdefa914000-7fdefaa14000 rw-p 00000000 00:00 0 
7fdefaa14000-7fdefaa17000 ---p 00000000 00:00 0 
7fdefaa17000-7fdefab15000 rw-p 00000000 00:00 0 
7fdefab15000-7fdefab18000 ---p 00000000 00:00 0 
7fdefab18000-7fdefac16000 rw-p 00000000 00:00 0 
7fdefac16000-7fdefac19000 ---p 00000000 00:00 0 
7fdefac19000-7fdefad17000 rw-p 00000000 00:00 0 
7fdefad17000-7fdefad1a000 ---p 00000000 00:00 0 
7fdefad1a000-7fdefae18000 rw-p 00000000 00:00 0 
7fdefae18000-7fdefae1b000 ---p 00000000 00:00 0 
7fdefae1b000-7fdefaf19000 rw-p 00000000 00:00 0 
7fdefaf19000-7fdefb1f2000 r--p 00000000 08:01 919008                     /usr/lib/locale/locale-archive
7fdefb1f2000-7fdefb1f5000 ---p 00000000 00:00 0 
7fdefb1f5000-7fdefb2f3000 rw-p 00000000 00:00 0 
7fdefb2f3000-7fdefb2f6000 ---p 00000000 00:00 0 
7fdefb2f6000-7fdefb3f4000 rw-p 00000000 00:00 0 
7fdefb3f4000-7fdefb3f5000 ---p 00000000 00:00 0 
7fdefb3f5000-7fdefc000000 rw-p 00000000 00:00 0 
7fdefc000000-7fdefc021000 rw-p 00000000 00:00 0 
7fdefc021000-7fdf00000000 ---p 00000000 00:00 0 
7fdf00000000-7fdf00021000 rw-p 00000000 00:00 0 
7fdf00021000-7fdf04000000 ---p 00000000 00:00 0 
7fdf04000000-7fdf04021000 rw-p 00000000 00:00 0 
7fdf04021000-7fdf08000000 ---p 00000000 00:00 0 
7fdf08015000-7fdf08024000 r--s 000df000 08:01 2255260                    /home/kenneth/Android/Sdk/build-tools/23.0.3/lib/dx.jar
7fdf08024000-7fdf08428000 rw-p 00000000 00:00 0 
7fdf08428000-7fdf08600000 r--s 03d2a000 08:01 2101854                    /usr/lib/jvm/java-8-oracle/jre/lib/rt.jar
7fdf08600000-7fdf08c40000 rw-p 00000000 00:00 0 
7fdf08c40000-7fdf08e00000 ---p 00000000 00:00 0 
7fdf08e00000-7fdf09000000 rw-p 00000000 00:00 0 
7fdf09000000-7fdf094d0000 rwxp 00000000 00:00 0 
7fdf094d0000-7fdf18000000 ---p 00000000 00:00 0 
7fdf18000000-7fdf18398000 rw-p 00000000 00:00 0 
7fdf18398000-7fdf1c000000 ---p 00000000 00:00 0 
7fdf1c007000-7fdf1e122000 rw-p 00000000 00:00 0 
7fdf1e122000-7fdf1e123000 ---p 00000000 00:00 0 
7fdf1e123000-7fdf1e223000 rw-p 00000000 00:00 0 
7fdf1e223000-7fdf1e224000 ---p 00000000 00:00 0 
7fdf1e224000-7fdf1e324000 rw-p 00000000 00:00 0 
7fdf1e324000-7fdf1e325000 ---p 00000000 00:00 0 
7fdf1e325000-7fdf1e425000 rw-p 00000000 00:00 0 
7fdf1e425000-7fdf1e426000 ---p 00000000 00:00 0 
7fdf1e426000-7fdf1e54e000 rw-p 00000000 00:00 0 
7fdf1e54e000-7fdf1e67c000 ---p 00000000 00:00 0 
7fdf1e67c000-7fdf1e6a4000 rw-p 00000000 00:00 0 
7fdf1e6a4000-7fdf1e7d1000 ---p 00000000 00:00 0 
7fdf1e7d1000-7fdf1e7f4000 rw-p 00000000 00:00 0 
7fdf1e7f4000-7fdf1e87c000 ---p 00000000 00:00 0 
7fdf1e87c000-7fdf1e891000 rw-p 00000000 00:00 0 
7fdf1e891000-7fdf1ec3d000 ---p 00000000 00:00 0 
7fdf1ec3d000-7fdf1ec57000 r-xp 00000000 08:01 2241176                    /usr/lib/jvm/java-8-oracle/jre/lib/amd64/libzip.so
7fdf1ec57000-7fdf1ee57000 ---p 0001a000 08:01 2241176                    /usr/lib/jvm/java-8-oracle/jre/lib/amd64/libzip.so
7fdf1ee57000-7fdf1ee58000 rw-p 0001a000 08:01 2241176                    /usr/lib/jvm/java-8-oracle/jre/lib/amd64/libzip.so
7fdf1ee58000-7fdf1ee63000 r-xp 00000000 08:01 132622                     /lib/x86_64-linux-gnu/libnss_files-2.23.so
7fdf1ee63000-7fdf1f062000 ---p 0000b000 08:01 132622                     /lib/x86_64-linux-gnu/libnss_files-2.23.so
7fdf1f062000-7fdf1f063000 r--p 0000a000 08:01 132622                     /lib/x86_64-linux-gnu/libnss_files-2.23.so
7fdf1f063000-7fdf1f064000 rw-p 0000b000 08:01 132622                     /lib/x86_64-linux-gnu/libnss_files-2.23.so
7fdf1f064000-7fdf1f06a000 rw-p 00000000 00:00 0 
7fdf1f06a000-7fdf1f075000 r-xp 00000000 08:01 131505                     /lib/x86_64-linux-gnu/libnss_nis-2.23.so
7fdf1f075000-7fdf1f274000 ---p 0000b000 08:01 131505                     /lib/x86_64-linux-gnu/libnss_nis-2.23.so
7fdf1f274000-7fdf1f275000 r--p 0000a000 08:01 131505                     /lib/x86_64-linux-gnu/libnss_nis-2.23.so
7fdf1f275000-7fdf1f276000 rw-p 0000b000 08:01 131505                     /lib/x86_64-linux-gnu/libnss_nis-2.23.so
7fdf1f276000-7fdf1f28c000 r-xp 00000000 08:01 131490                     /lib/x86_64-linux-gnu/libnsl-2.23.so
7fdf1f28c000-7fdf1f48b000 ---p 00016000 08:01 131490                     /lib/x86_64-linux-gnu/libnsl-2.23.so
7fdf1f48b000-7fdf1f48c000 r--p 00015000 08:01 131490                     /lib/x86_64-linux-gnu/libnsl-2.23.so
7fdf1f48c000-7fdf1f48d000 rw-p 00016000 08:01 131490                     /lib/x86_64-linux-gnu/libnsl-2.23.so
7fdf1f48d000-7fdf1f48f000 rw-p 00000000 00:00 0 
7fdf1f48f000-7fdf1f497000 r-xp 00000000 08:01 131255                     /lib/x86_64-linux-gnu/libnss_compat-2.23.so
7fdf1f497000-7fdf1f696000 ---p 00008000 08:01 131255                     /lib/x86_64-linux-gnu/libnss_compat-2.23.so
7fdf1f696000-7fdf1f697000 r--p 00007000 08:01 131255                     /lib/x86_64-linux-gnu/libnss_compat-2.23.so
7fdf1f697000-7fdf1f698000 rw-p 00008000 08:01 131255                     /lib/x86_64-linux-gnu/libnss_compat-2.23.so
7fdf1f698000-7fdf1f6c3000 r-xp 00000000 08:01 2241203                    /usr/lib/jvm/java-8-oracle/jre/lib/amd64/libjava.so
7fdf1f6c3000-7fdf1f8c2000 ---p 0002b000 08:01 2241203                    /usr/lib/jvm/java-8-oracle/jre/lib/amd64/libjava.so
7fdf1f8c2000-7fdf1f8c4000 rw-p 0002a000 08:01 2241203                    /usr/lib/jvm/java-8-oracle/jre/lib/amd64/libjava.so
7fdf1f8c4000-7fdf1f8d1000 r-xp 00000000 08:01 2241054                    /usr/lib/jvm/java-8-oracle/jre/lib/amd64/libverify.so
7fdf1f8d1000-7fdf1fad0000 ---p 0000d000 08:01 2241054                    /usr/lib/jvm/java-8-oracle/jre/lib/amd64/libverify.so
7fdf1fad0000-7fdf1fad2000 rw-p 0000c000 08:01 2241054                    /usr/lib/jvm/java-8-oracle/jre/lib/amd64/libverify.so
7fdf1fad2000-7fdf1fad9000 r-xp 00000000 08:01 132640                     /lib/x86_64-linux-gnu/librt-2.23.so
7fdf1fad9000-7fdf1fcd8000 ---p 00007000 08:01 132640                     /lib/x86_64-linux-gnu/librt-2.23.so
7fdf1fcd8000-7fdf1fcd9000 r--p 00006000 08:01 132640                     /lib/x86_64-linux-gnu/librt-2.23.so
7fdf1fcd9000-7fdf1fcda000 rw-p 00007000 08:01 132640                     /lib/x86_64-linux-gnu/librt-2.23.so
7fdf1fcda000-7fdf1fde2000 r-xp 00000000 08:01 132634                     /lib/x86_64-linux-gnu/libm-2.23.so
7fdf1fde2000-7fdf1ffe1000 ---p 00108000 08:01 132634                     /lib/x86_64-linux-gnu/libm-2.23.so
7fdf1ffe1000-7fdf1ffe2000 r--p 00107000 08:01 132634                     /lib/x86_64-linux-gnu/libm-2.23.so
7fdf1ffe2000-7fdf1ffe3000 rw-p 00108000 08:01 132634                     /lib/x86_64-linux-gnu/libm-2.23.so
7fdf1ffe3000-7fdf20cb0000 r-xp 00000000 08:01 2241207                    /usr/lib/jvm/java-8-oracle/jre/lib/amd64/server/libjvm.so
7fdf20cb0000-7fdf20eaf000 ---p 00ccd000 08:01 2241207                    /usr/lib/jvm/java-8-oracle/jre/lib/amd64/server/libjvm.so
7fdf20eaf000-7fdf20f88000 rw-p 00ccc000 08:01 2241207                    /usr/lib/jvm/java-8-oracle/jre/lib/amd64/server/libjvm.so
7fdf20f88000-7fdf20fd3000 rw-p 00000000 00:00 0 
7fdf20fd3000-7fdf21192000 r-xp 00000000 08:01 132646                     /lib/x86_64-linux-gnu/libc-2.23.so
7fdf21192000-7fdf21392000 ---p 001bf000 08:01 132646                     /lib/x86_64-linux-gnu/libc-2.23.so
7fdf21392000-7fdf21396000 r--p 001bf000 08:01 132646                     /lib/x86_64-linux-gnu/libc-2.23.so
7fdf21396000-7fdf21398000 rw-p 001c3000 08:01 132646                     /lib/x86_64-linux-gnu/libc-2.23.so
7fdf21398000-7fdf2139c000 rw-p 00000000 00:00 0 
7fdf2139c000-7fdf2139f000 r-xp 00000000 08:01 132647                     /lib/x86_64-linux-gnu/libdl-2.23.so
7fdf2139f000-7fdf2159e000 ---p 00003000 08:01 132647                     /lib/x86_64-linux-gnu/libdl-2.23.so
7fdf2159e000-7fdf2159f000 r--p 00002000 08:01 132647                     /lib/x86_64-linux-gnu/libdl-2.23.so
7fdf2159f000-7fdf215a0000 rw-p 00003000 08:01 132647                     /lib/x86_64-linux-gnu/libdl-2.23.so
7fdf215a0000-7fdf215b5000 r-xp 00000000 08:01 1996711                    /usr/lib/jvm/java-8-oracle/lib/amd64/jli/libjli.so
7fdf215b5000-7fdf217b5000 ---p 00015000 08:01 1996711                    /usr/lib/jvm/java-8-oracle/lib/amd64/jli/libjli.so
7fdf217b5000-7fdf217b6000 rw-p 00015000 08:01 1996711                    /usr/lib/jvm/java-8-oracle/lib/amd64/jli/libjli.so
7fdf217b6000-7fdf217ce000 r-xp 00000000 08:01 132645                     /lib/x86_64-linux-gnu/libpthread-2.23.so
7fdf217ce000-7fdf219cd000 ---p 00018000 08:01 132645                     /lib/x86_64-linux-gnu/libpthread-2.23.so
7fdf219cd000-7fdf219ce000 r--p 00017000 08:01 132645                     /lib/x86_64-linux-gnu/libpthread-2.23.so
7fdf219ce000-7fdf219cf000 rw-p 00018000 08:01 132645                     /lib/x86_64-linux-gnu/libpthread-2.23.so
7fdf219cf000-7fdf219d3000 rw-p 00000000 00:00 0 
7fdf219d3000-7fdf219f9000 r-xp 00000000 08:01 132642                     /lib/x86_64-linux-gnu/ld-2.23.so
7fdf219fc000-7fdf21ace000 rw-p 00000000 00:00 0 
7fdf21ace000-7fdf21ad1000 ---p 00000000 00:00 0 
7fdf21ad1000-7fdf21bd3000 rw-p 00000000 00:00 0 
7fdf21bd4000-7fdf21bd8000 r--s 00045000 08:01 3717102                    /home/kenneth/Documents/Goalkeeper/app/build/intermediates/exploded-aar/com.android.support/recyclerview-v7/23.4.0/jars/classes.jar
7fdf21bd8000-7fdf21bec000 rw-p 00000000 00:00 0 
7fdf21bec000-7fdf21bf4000 rw-s 00000000 08:01 655909                     /tmp/hsperfdata_kenneth/27128
7fdf21bf4000-7fdf21bf5000 rw-p 00000000 00:00 0 
7fdf21bf5000-7fdf21bf6000 ---p 00000000 00:00 0 
7fdf21bf6000-7fdf21bf8000 rw-p 00000000 00:00 0 
7fdf21bf8000-7fdf21bf9000 r--p 00025000 08:01 132642                     /lib/x86_64-linux-gnu/ld-2.23.so
7fdf21bf9000-7fdf21bfa000 rw-p 00026000 08:01 132642                     /lib/x86_64-linux-gnu/ld-2.23.so
7fdf21bfa000-7fdf21bfb000 rw-p 00000000 00:00 0 
7fff2f645000-7fff2f667000 rw-p 00000000 00:00 0                          [stack]
7fff2f74e000-7fff2f750000 r--p 00000000 00:00 0                          [vvar]
7fff2f750000-7fff2f752000 r-xp 00000000 00:00 0                          [vdso]
ffffffffff600000-ffffffffff601000 r-xp 00000000 00:00 0                  [vsyscall]

VM Arguments:
jvm_args: -Djava.awt.headless=true -Xmx1024M -Dfile.encoding=UTF-8 -Duser.country=US -Duser.language=en -Duser.variant 
java_command: com.android.dx.command.Main --dex --force-jumbo --num-threads=4 --multi-dex --output /home/kenneth/Documents/Goalkeeper/app/build/intermediates/transforms/dex/debug/folders/1000/10/com.android.support-recyclerview-v7-23.4.0_c2bcccf71dfcbdbff754f392b97da2864522837d /home/kenneth/Documents/Goalkeeper/app/build/intermediates/exploded-aar/com.android.support/recyclerview-v7/23.4.0/jars/classes.jar
java_class_path (initial): /home/kenneth/Android/Sdk/build-tools/23.0.3/lib/dx.jar
Launcher Type: SUN_STANDARD

Environment Variables:
JAVA_HOME=/usr/lib/jvm/java-8-oracle
JRE_HOME=/opt/java/jdk1.8.0_102
PATH=/usr/local/sbin:/usr/local/bin:/usr/sbin:/usr/bin:/sbin:/bin:/usr/games:/usr/local/games:/snap/bin:/home/kenneth/bin:/opt/java/jdk1.8.0_102/bin:/home/kenneth/bin:/opt/java/jdk1.8.0_102/bin:/usr/lib/jvm/java-8-oracle/bin:/usr/lib/jvm/java-8-oracle/db/bin:/usr/lib/jvm/java-8-oracle/jre/bin
LD_LIBRARY_PATH=.:
SHELL=/bin/bash
DISPLAY=:0

Signal Handlers:
SIGSEGV: [libjvm.so+0xac64b0], sa_mask[0]=11111111011111111101111111111110, sa_flags=SA_RESTART|SA_SIGINFO
SIGBUS: [libjvm.so+0xac64b0], sa_mask[0]=11111111011111111101111111111110, sa_flags=SA_RESTART|SA_SIGINFO
SIGFPE: [libjvm.so+0x91f950], sa_mask[0]=11111111011111111101111111111110, sa_flags=SA_RESTART|SA_SIGINFO
SIGPIPE: [libjvm.so+0x91f950], sa_mask[0]=11111111011111111101111111111110, sa_flags=SA_RESTART|SA_SIGINFO
SIGXFSZ: [libjvm.so+0x91f950], sa_mask[0]=11111111011111111101111111111110, sa_flags=SA_RESTART|SA_SIGINFO
SIGILL: [libjvm.so+0x91f950], sa_mask[0]=11111111011111111101111111111110, sa_flags=SA_RESTART|SA_SIGINFO
SIGUSR1: SIG_DFL, sa_mask[0]=00000000000000000000000000000000, sa_flags=none
SIGUSR2: [libjvm.so+0x920f80], sa_mask[0]=00100000000000000000000000000000, sa_flags=SA_RESTART|SA_SIGINFO
SIGHUP: [libjvm.so+0x922380], sa_mask[0]=11111111011111111101111111111110, sa_flags=SA_RESTART|SA_SIGINFO
SIGINT: [libjvm.so+0x922380], sa_mask[0]=11111111011111111101111111111110, sa_flags=SA_RESTART|SA_SIGINFO
SIGTERM: [libjvm.so+0x922380], sa_mask[0]=11111111011111111101111111111110, sa_flags=SA_RESTART|SA_SIGINFO
SIGQUIT: [libjvm.so+0x922380], sa_mask[0]=11111111011111111101111111111110, sa_flags=SA_RESTART|SA_SIGINFO


---------------  S Y S T E M  ---------------

OS:DISTRIB_ID=Ubuntu
DISTRIB_RELEASE=16.04
DISTRIB_CODENAME=xenial
DISTRIB_DESCRIPTION="Ubuntu 16.04.1 LTS"

uname:Linux 4.4.0-47-generic #68-Ubuntu SMP Wed Oct 26 19:39:52 UTC 2016 x86_64
libc:glibc 2.23 NPTL 2.23 
rlimit: STACK 8192k, CORE 0k, NPROC 29681, NOFILE 65536, AS infinity
load average:23,41 6,70 3,02

/proc/meminfo:
MemTotal:        7638804 kB
MemFree:          443616 kB
MemAvailable:     359912 kB
Buffers:            1124 kB
Cached:           392220 kB
SwapCached:            0 kB
Active:          6224980 kB
Inactive:         379184 kB
Active(anon):    6214428 kB
Inactive(anon):   337152 kB
Active(file):      10552 kB
Inactive(file):    42032 kB
Unevictable:         212 kB
Mlocked:             212 kB
SwapTotal:             0 kB
SwapFree:              0 kB
Dirty:                 0 kB
Writeback:             4 kB
AnonPages:       6211828 kB
Mapped:           358444 kB
Shmem:            339964 kB
Slab:             116552 kB
SReclaimable:      56036 kB
SUnreclaim:        60516 kB
KernelStack:       18064 kB
PageTables:        69820 kB
NFS_Unstable:          0 kB
Bounce:                0 kB
WritebackTmp:          0 kB
CommitLimit:     3819400 kB
Committed_AS:   14084020 kB
VmallocTotal:   34359738367 kB
VmallocUsed:           0 kB
VmallocChunk:          0 kB
HardwareCorrupted:     0 kB
AnonHugePages:   3201024 kB
CmaTotal:              0 kB
CmaFree:               0 kB
HugePages_Total:       0
HugePages_Free:        0
HugePages_Rsvd:        0
HugePages_Surp:        0
Hugepagesize:       2048 kB
DirectMap4k:      690372 kB
DirectMap2M:     7153664 kB
DirectMap1G:     1048576 kB


CPU:total 4 (4 cores per cpu, 1 threads per core) family 18 model 1 stepping 0, cmov, cx8, fxsr, mmx, sse, sse2, sse3, popcnt, mmxext, 3dnowpref, lzcnt, sse4a, tsc, tscinvbit, tscinv

/proc/cpuinfo:
processor	: 0
vendor_id	: AuthenticAMD
cpu family	: 18
model		: 1
model name	: AMD A6-3420M APU with Radeon(tm) HD Graphics
stepping	: 0
microcode	: 0x3000027
cpu MHz		: 1500.000
cache size	: 1024 KB
physical id	: 0
siblings	: 4
core id		: 0
cpu cores	: 4
apicid		: 0
initial apicid	: 0
fpu		: yes
fpu_exception	: yes
cpuid level	: 6
wp		: yes
flags		: fpu vme de pse tsc msr pae mce cx8 apic sep mtrr pge mca cmov pat pse36 clflush mmx fxsr sse sse2 ht syscall nx mmxext fxsr_opt pdpe1gb rdtscp lm 3dnowext 3dnow constant_tsc rep_good nopl nonstop_tsc extd_apicid aperfmperf pni monitor cx16 popcnt lahf_lm cmp_legacy svm extapic cr8_legacy abm sse4a misalignsse 3dnowprefetch osvw ibs skinit wdt cpb hw_pstate vmmcall arat npt lbrv svm_lock nrip_save pausefilter
bugs		: fxsave_leak sysret_ss_attrs
bogomips	: 2994.82
TLB size	: 1536 4K pages
clflush size	: 64
cache_alignment	: 64
address sizes	: 40 bits physical, 48 bits virtual
power management: ts ttp tm stc 100mhzsteps hwpstate cpb

processor	: 1
vendor_id	: AuthenticAMD
cpu family	: 18
model		: 1
model name	: AMD A6-3420M APU with Radeon(tm) HD Graphics
stepping	: 0
microcode	: 0x3000027
cpu MHz		: 1200.000
cache size	: 1024 KB
physical id	: 0
siblings	: 4
core id		: 1
cpu cores	: 4
apicid		: 1
initial apicid	: 1
fpu		: yes
fpu_exception	: yes
cpuid level	: 6
wp		: yes
flags		: fpu vme de pse tsc msr pae mce cx8 apic sep mtrr pge mca cmov pat pse36 clflush mmx fxsr sse sse2 ht syscall nx mmxext fxsr_opt pdpe1gb rdtscp lm 3dnowext 3dnow constant_tsc rep_good nopl nonstop_tsc extd_apicid aperfmperf pni monitor cx16 popcnt lahf_lm cmp_legacy svm extapic cr8_legacy abm sse4a misalignsse 3dnowprefetch osvw ibs skinit wdt cpb hw_pstate vmmcall arat npt lbrv svm_lock nrip_save pausefilter
bugs		: fxsave_leak sysret_ss_attrs
bogomips	: 2994.82
TLB size	: 1536 4K pages
clflush size	: 64
cache_alignment	: 64
address sizes	: 40 bits physical, 48 bits virtual
power management: ts ttp tm stc 100mhzsteps hwpstate cpb

processor	: 2
vendor_id	: AuthenticAMD
cpu family	: 18
model		: 1
model name	: AMD A6-3420M APU with Radeon(tm) HD Graphics
stepping	: 0
microcode	: 0x3000027
cpu MHz		: 1500.000
cache size	: 1024 KB
physical id	: 0
siblings	: 4
core id		: 2
cpu cores	: 4
apicid		: 2
initial apicid	: 2
fpu		: yes
fpu_exception	: yes
cpuid level	: 6
wp		: yes
flags		: fpu vme de pse tsc msr pae mce cx8 apic sep mtrr pge mca cmov pat pse36 clflush mmx fxsr sse sse2 ht syscall nx mmxext fxsr_opt pdpe1gb rdtscp lm 3dnowext 3dnow constant_tsc rep_good nopl nonstop_tsc extd_apicid aperfmperf pni monitor cx16 popcnt lahf_lm cmp_legacy svm extapic cr8_legacy abm sse4a misalignsse 3dnowprefetch osvw ibs skinit wdt cpb hw_pstate vmmcall arat npt lbrv svm_lock nrip_save pausefilter
bugs		: fxsave_leak sysret_ss_attrs
bogomips	: 2994.82
TLB size	: 1536 4K pages
clflush size	: 64
cache_alignment	: 64
address sizes	: 40 bits physical, 48 bits virtual
power management: ts ttp tm stc 100mhzsteps hwpstate cpb

processor	: 3
vendor_id	: AuthenticAMD
cpu family	: 18
model		: 1
model name	: AMD A6-3420M APU with Radeon(tm) HD Graphics
stepping	: 0
microcode	: 0x3000027
cpu MHz		: 1500.000
cache size	: 1024 KB
physical id	: 0
siblings	: 4
core id		: 3
cpu cores	: 4
apicid		: 3
initial apicid	: 3
fpu		: yes
fpu_exception	: yes
cpuid level	: 6
wp		: yes
flags		: fpu vme de pse tsc msr pae mce cx8 apic sep mtrr pge mca cmov pat pse36 clflush mmx fxsr sse sse2 ht syscall nx mmxext fxsr_opt pdpe1gb rdtscp lm 3dnowext 3dnow constant_tsc rep_good nopl nonstop_tsc extd_apicid aperfmperf pni monitor cx16 popcnt lahf_lm cmp_legacy svm extapic cr8_legacy abm sse4a misalignsse 3dnowprefetch osvw ibs skinit wdt cpb hw_pstate vmmcall arat npt lbrv svm_lock nrip_save pausefilter
bugs		: fxsave_leak sysret_ss_attrs
bogomips	: 2994.82
TLB size	: 1536 4K pages
clflush size	: 64
cache_alignment	: 64
address sizes	: 40 bits physical, 48 bits virtual
power management: ts ttp tm stc 100mhzsteps hwpstate cpb



Memory: 4k page, physical 7638804k(442608k free), swap 0k(0k free)

vm_info: Java HotSpot(TM) 64-Bit Server VM (25.111-b14) for linux-amd64 JRE (1.8.0_111-b14), built on Sep 22 2016 16:14:03 by "java_re" with gcc 4.3.0 20080428 (Red Hat 4.3.0-8)

time: Thu Nov 24 01:46:54 2016
elapsed time: 40 seconds (0d 0h 0m 40s)

